POSCAR_FILE, formular, ion_conv, ele_conv, final_energy, out_dir
./str/POSCAR_S_1qb3wmlw.vasp, Ti2 V1 Cu1, True, True, -27.66674894 eV, /BIGDATA/xbyang_5/jsy/H_T/under6_VTiCu/vasp_tmp_XMJSMZ
./str/POSCAR_S_jon48vpp.vasp, Ti3 V2 Cu1, True, True, -44.64892041 eV, /BIGDATA/xbyang_5/jsy/H_T/under6_VTiCu/vasp_tmp_MVI35K
./str/POSCAR_S_ryn9xxqe.vasp, Ti1 V2 Cu1, True, True, -28.95990165 eV, /BIGDATA/xbyang_5/jsy/H_T/under6_VTiCu/vasp_tmp_6M90RC
./str/POSCAR_S_3q17uv2n.vasp, Ti4 V1 Cu1, False, True, -43.33214546 eV, /BIGDATA/xbyang_5/jsy/H_T/under6_VTiCu/vasp_tmp_F3PSGJ
./str/POSCAR_S_9pplgcou.vasp, Ti1 V3 Cu2, False, True, -41.0532128 eV, /BIGDATA/xbyang_5/jsy/H_T/under6_VTiCu/vasp_tmp_KSJDE8
./str/POSCAR_S_9ujxbfks.vasp, Ti2 V2 Cu1, True, True, -36.37450493 eV, /BIGDATA/xbyang_5/jsy/H_T/under6_VTiCu/vasp_tmp_IWK2ZJ
./str/POSCAR_S_vrnu_fxx.vasp, Ti2 V2 Cu2, True, True, -39.50182973 eV, /BIGDATA/xbyang_5/jsy/H_T/under6_VTiCu/vasp_tmp_4ATSQT
./str/POSCAR_S_oys_ir6j.vasp, Ti3 V1 Cu2, True, True, -39.16929242 eV, /BIGDATA/xbyang_5/jsy/H_T/under6_VTiCu/vasp_tmp_BY1Y44
./str/POSCAR_S_wdcdagu1.vasp, Ti3 V1 Cu2, True, True, -39.05846072 eV, /BIGDATA/xbyang_5/jsy/H_T/under6_VTiCu/vasp_tmp_8NWGNQ
./str/POSCAR_S_27c9nz4d.vasp, Ti1 V3 Cu2, False, True, -41.35394186 eV, /BIGDATA/xbyang_5/jsy/H_T/under6_VTiCu/vasp_tmp_Q9I9QG
./str/POSCAR_S_80d6dd1x.vasp, Ti3 V2 Cu1, True, True, -44.41516068 eV, /BIGDATA/xbyang_5/jsy/H_T/under6_VTiCu/vasp_tmp_11BIBF
./str/POSCAR_S_2en2pssd.vasp, Ti1 V1 Cu2, True, True, -23.54368377 eV, /BIGDATA/xbyang_5/jsy/H_T/under6_VTiCu/vasp_tmp_53O3KG
./str/POSCAR_S__v9xvxu7.vasp, Ti1 V1 Cu4, True, True, -30.42816232 eV, /BIGDATA/xbyang_5/jsy/H_T/under6_VTiCu/vasp_tmp_2RI3Y0
./str/POSCAR_S_4djczkcq.vasp, Ti2 V1 Cu3, False, True, -34.94619527 eV, /BIGDATA/xbyang_5/jsy/H_T/under6_VTiCu/vasp_tmp_9B0Y7V
./str/POSCAR_S_v9uzfuvu.vasp, Ti1 V2 Cu2, True, True, -32.67142493 eV, /BIGDATA/xbyang_5/jsy/H_T/under6_VTiCu/vasp_tmp_FRC8NX
./str/POSCAR_S_3vsi71hz.vasp, Ti2 V2 Cu2, True, True, -40.41044502 eV, /BIGDATA/xbyang_5/jsy/H_T/under6_VTiCu/vasp_tmp_KWPW4L
./str/POSCAR_S_vewieb6q.vasp, Ti3 V2 Cu1, True, True, -44.53838244 eV, /BIGDATA/xbyang_5/jsy/H_T/under6_VTiCu/vasp_tmp_SULHRV
./str/POSCAR_S_w2eszxdz.vasp, Ti2 V2 Cu2, False, True, -40.57244861 eV, /BIGDATA/xbyang_5/jsy/H_T/under6_VTiCu/vasp_tmp_DEVVTX
./str/POSCAR_S_2152nmm8.vasp, Ti3 V2 Cu1, True, True, -44.14306997 eV, /BIGDATA/xbyang_5/jsy/H_T/under6_VTiCu/vasp_tmp_CGN75A
./str/POSCAR_S_a710hyce.vasp, Ti2 V2 Cu2, True, True, -40.53636577 eV, /BIGDATA/xbyang_5/jsy/H_T/under6_VTiCu/vasp_tmp_6FE9QG
./str/POSCAR_S_bb65lrqk.vasp, Ti1 V1 Cu4, False, True, -30.96573501 eV, /BIGDATA/xbyang_5/jsy/H_T/under6_VTiCu/vasp_tmp_XSDHXG
./str/POSCAR_S_hym_l6f9.vasp, Ti1 V2 Cu3, True, True, -35.97971281 eV, /BIGDATA/xbyang_5/jsy/H_T/under6_VTiCu/vasp_tmp_7LRFRT
./str/POSCAR_S_vf1pu9zl.vasp, Ti2 V1 Cu2, True, True, -31.1235825 eV, /BIGDATA/xbyang_5/jsy/H_T/under6_VTiCu/vasp_tmp_CNP0AF
./str/POSCAR_S_zqkubfo4.vasp, Ti1 V1 Cu4, False, True, -30.93514484 eV, /BIGDATA/xbyang_5/jsy/H_T/under6_VTiCu/vasp_tmp_L5P0IP
./str/POSCAR_S__oqmrw9h.vasp, Ti1 V2 Cu3, False, True, -36.16398565 eV, /BIGDATA/xbyang_5/jsy/H_T/under6_VTiCu/vasp_tmp_3IW6FM
./str/POSCAR_S_nvb4stdp.vasp, Ti3 V2 Cu1, True, True, -44.60698606 eV, /BIGDATA/xbyang_5/jsy/H_T/under6_VTiCu/vasp_tmp_JXTD8S
./str/POSCAR_S_6uacec9q.vasp, Ti1 V2 Cu3, True, True, -36.68049637 eV, /BIGDATA/xbyang_5/jsy/H_T/under6_VTiCu/vasp_tmp_P7UOMF
./str/POSCAR_S_zk_czquk.vasp, Ti1 V1 Cu1, True, True, -20.12081199 eV, /BIGDATA/xbyang_5/jsy/H_T/under6_VTiCu/vasp_tmp_I90EEW
./str/POSCAR_S_vug_9dw5.vasp, Ti2 V3 Cu1, True, True, -46.02884808 eV, /BIGDATA/xbyang_5/jsy/H_T/under6_VTiCu/vasp_tmp_VB35A7
./str/POSCAR_S_1s3t_wye.vasp, Ti2 V1 Cu3, False, True, -34.89495762 eV, /BIGDATA/xbyang_5/jsy/H_T/under6_VTiCu/vasp_tmp_E4HN79
./str/POSCAR_S_ozljf4c6.vasp, Ti2 V3 Cu1, True, True, -45.81856115 eV, /BIGDATA/xbyang_5/jsy/H_T/under6_VTiCu/vasp_tmp_9OA5E1
./str/POSCAR_S_ruxjmv7b.vasp, Ti2 V1 Cu3, True, True, -34.89271302 eV, /BIGDATA/xbyang_5/jsy/H_T/under6_VTiCu/vasp_tmp_W0SMUI
./str/POSCAR_S_sisn2ek2.vasp, Ti2 V2 Cu2, False, True, -40.32367252 eV, /BIGDATA/xbyang_5/jsy/H_T/under6_VTiCu/vasp_tmp_TEHLL8
./str/POSCAR_S_vuaz59ll.vasp, Ti1 V3 Cu2, True, True, -41.80927305 eV, /BIGDATA/xbyang_5/jsy/H_T/under6_VTiCu/vasp_tmp_CUJ1JR
./str/POSCAR_S_5_ga4_ce.vasp, Ti2 V2 Cu2, True, True, -39.85225354 eV, /BIGDATA/xbyang_5/jsy/H_T/under6_VTiCu/vasp_tmp_3KPIZ6
./str/POSCAR_S_x7qc_zqj.vasp, Ti2 V3 Cu1, True, True, -45.92149703 eV, /BIGDATA/xbyang_5/jsy/H_T/under6_VTiCu/vasp_tmp_W1HNQ4
./str/POSCAR_S__ar0uy9f.vasp, Ti1 V3 Cu2, True, True, -41.52792205 eV, /BIGDATA/xbyang_5/jsy/H_T/under6_VTiCu/vasp_tmp_M7V3RF
./str/POSCAR_S_nsnul6tq.vasp, Ti2 V2 Cu2, True, True, -40.07154951 eV, /BIGDATA/xbyang_5/jsy/H_T/under6_VTiCu/vasp_tmp_VA30KI
./str/POSCAR_S_zw67mzvw.vasp, Ti2 V2 Cu2, True, True, -40.28711341 eV, /BIGDATA/xbyang_5/jsy/H_T/under6_VTiCu/vasp_tmp_XINPRL
./str/POSCAR_S_hhdq5hlf.vasp, Ti2 V2 Cu1, True, True, -36.62270255 eV, /BIGDATA/xbyang_5/jsy/H_T/under6_VTiCu/vasp_tmp_7BR4ZP
./str/POSCAR_S_0oaupc1w.vasp, Ti1 V4 Cu1, True, True, -46.84802301 eV, /BIGDATA/xbyang_5/jsy/H_T/under6_VTiCu/vasp_tmp_XFEX44
./str/POSCAR_S_tz9smawb.vasp, Ti2 V3 Cu1, True, True, -45.32260161 eV, /BIGDATA/xbyang_5/jsy/H_T/under6_VTiCu/vasp_tmp_7RB5L1
./str/POSCAR_S_6qmas_i4.vasp, Ti1 V2 Cu1, True, True, -28.88151209 eV, /BIGDATA/xbyang_5/jsy/H_T/under6_VTiCu/vasp_tmp_TS7XTH
./str/POSCAR_S_77o5uz6z.vasp, Ti1 V2 Cu3, True, True, -36.02349652 eV, /BIGDATA/xbyang_5/jsy/H_T/under6_VTiCu/vasp_tmp_4PJ2ZM
./str/POSCAR_S_9liimtl3.vasp, Ti2 V1 Cu3, False, True, -34.73655279 eV, /BIGDATA/xbyang_5/jsy/H_T/under6_VTiCu/vasp_tmp_GBIR5E
./str/POSCAR_S_xv1vvf9w.vasp, Ti2 V1 Cu3, True, True, -34.85869568 eV, /BIGDATA/xbyang_5/jsy/H_T/under6_VTiCu/vasp_tmp_6XR1CR
./str/POSCAR_S_epiu32km.vasp, Ti3 V1 Cu2, True, True, -39.23202798 eV, /BIGDATA/xbyang_5/jsy/H_T/under6_VTiCu/vasp_tmp_PSG31J
./str/POSCAR_S_iegrebb0.vasp, Ti2 V1 Cu3, True, True, -34.95605641 eV, /BIGDATA/xbyang_5/jsy/H_T/under6_VTiCu/vasp_tmp_GE7BFM
./str/POSCAR_S__hg_uy_t.vasp, Ti1 V2 Cu1, True, True, -28.92774566 eV, /BIGDATA/xbyang_5/jsy/H_T/under6_VTiCu/vasp_tmp_OAQJR9
./str/POSCAR_S_mq3ep24o.vasp, Ti1 V3 Cu2, True, True, -40.7232961 eV, /BIGDATA/xbyang_5/jsy/H_T/under6_VTiCu/vasp_tmp_2G2M6Z
./str/POSCAR_S_05dqcobi.vasp, Ti2 V1 Cu3, True, True, -34.74855377 eV, /BIGDATA/xbyang_5/jsy/H_T/under6_VTiCu/vasp_tmp_H5P9BP
./str/POSCAR_S_48al0xfk.vasp, Ti3 V1 Cu2, True, True, -38.9869585 eV, /BIGDATA/xbyang_5/jsy/H_T/under6_VTiCu/vasp_tmp_8G91CV
./str/POSCAR_S_mz3cs56q.vasp, Ti1 V2 Cu1, True, True, -28.86622272 eV, /BIGDATA/xbyang_5/jsy/H_T/under6_VTiCu/vasp_tmp_U6PDL0
./str/POSCAR_S_v688zpyp.vasp, Ti3 V2 Cu1, True, True, -44.54702513 eV, /BIGDATA/xbyang_5/jsy/H_T/under6_VTiCu/vasp_tmp_7UQSA8
./str/POSCAR_S_w_n3dkrb.vasp, Ti2 V2 Cu2, True, True, -40.37689381 eV, /BIGDATA/xbyang_5/jsy/H_T/under6_VTiCu/vasp_tmp_FWRMWW
./str/POSCAR_S_cjv8etx4.vasp, Ti1 V1 Cu4, False, True, -31.0451426 eV, /BIGDATA/xbyang_5/jsy/H_T/under6_VTiCu/vasp_tmp_RWHHQV
./str/POSCAR_S_i8bk0qcz.vasp, Ti1 V2 Cu2, True, True, -32.50456899 eV, /BIGDATA/xbyang_5/jsy/H_T/under6_VTiCu/vasp_tmp_7HI6KS
./str/POSCAR_S_nrplj7rh.vasp, Ti2 V1 Cu3, True, True, -35.02753696 eV, /BIGDATA/xbyang_5/jsy/H_T/under6_VTiCu/vasp_tmp_WREYZ8
./str/POSCAR_S_vrk_100n.vasp, Ti3 V2 Cu1, True, True, -44.08087781 eV, /BIGDATA/xbyang_5/jsy/H_T/under6_VTiCu/vasp_tmp_V308SX
./str/POSCAR_S_rcm6dq3z.vasp, Ti1 V1 Cu1, True, True, -19.7287588 eV, /BIGDATA/xbyang_5/jsy/H_T/under6_VTiCu/vasp_tmp_X3LXD7
./str/POSCAR_S_5wo07_4j.vasp, Ti1 V3 Cu2, True, True, -41.19573139 eV, /BIGDATA/xbyang_5/jsy/H_T/under6_VTiCu/vasp_tmp_JXP7IC
./str/POSCAR_S_hw5qyn6b.vasp, Ti2 V1 Cu3, True, True, -35.12553339 eV, /BIGDATA/xbyang_5/jsy/H_T/under6_VTiCu/vasp_tmp_02THZT
./str/POSCAR_S_tu5v83cg.vasp, Ti3 V1 Cu2, False, True, -39.2182873 eV, /BIGDATA/xbyang_5/jsy/H_T/under6_VTiCu/vasp_tmp_N5835Q
./str/POSCAR_S_wfs571sh.vasp, Ti2 V3 Cu1, True, True, -45.93877878 eV, /BIGDATA/xbyang_5/jsy/H_T/under6_VTiCu/vasp_tmp_S03OYK
./str/POSCAR_S_aanes_l0.vasp, Ti2 V2 Cu2, False, True, -40.33446211 eV, /BIGDATA/xbyang_5/jsy/H_T/under6_VTiCu/vasp_tmp_1953WF
./str/POSCAR_S_s6i7rwsu.vasp, Ti3 V1 Cu2, True, True, -39.02352207 eV, /BIGDATA/xbyang_5/jsy/H_T/under6_VTiCu/vasp_tmp_0XFPND
./str/POSCAR_S_ncqgne9l.vasp, Ti1 V3 Cu2, True, True, -41.31186407 eV, /BIGDATA/xbyang_5/jsy/H_T/under6_VTiCu/vasp_tmp_IES624
./str/POSCAR_S_ynyxdqbp.vasp, Ti1 V2 Cu3, True, True, -36.01178576 eV, /BIGDATA/xbyang_5/jsy/H_T/under6_VTiCu/vasp_tmp_CD5ZMN
./str/POSCAR_S_bc0joy45.vasp, Ti2 V2 Cu2, True, True, -39.99932748 eV, /BIGDATA/xbyang_5/jsy/H_T/under6_VTiCu/vasp_tmp_1OMJKX
./str/POSCAR_S_368vtle4.vasp, Ti3 V1 Cu2, True, True, -39.44080509 eV, /BIGDATA/xbyang_5/jsy/H_T/under6_VTiCu/vasp_tmp_LNLE5X
./str/POSCAR_S_4yh4x9zf.vasp, Ti2 V2 Cu2, False, True, -40.19829517 eV, /BIGDATA/xbyang_5/jsy/H_T/under6_VTiCu/vasp_tmp_F3CAUO
./str/POSCAR_S_e1f8hsd8.vasp, Ti3 V2 Cu1, True, True, -44.31442141 eV, /BIGDATA/xbyang_5/jsy/H_T/under6_VTiCu/vasp_tmp_T2GJAT
./str/POSCAR_S__1ikmg1o.vasp, Ti1 V1 Cu4, True, True, -30.80750304 eV, /BIGDATA/xbyang_5/jsy/H_T/under6_VTiCu/vasp_tmp_FWRZ9S
./str/POSCAR_S_c1_crbx5.vasp, Ti2 V1 Cu3, True, True, -34.72639286 eV, /BIGDATA/xbyang_5/jsy/H_T/under6_VTiCu/vasp_tmp_5WXHFD
./str/POSCAR_S_j2u5n0k5.vasp, Ti2 V3 Cu1, True, True, -45.32968731 eV, /BIGDATA/xbyang_5/jsy/H_T/under6_VTiCu/vasp_tmp_P7RMNX
./str/POSCAR_S_p1cci8dm.vasp, Ti2 V2 Cu2, True, True, -40.82054868 eV, /BIGDATA/xbyang_5/jsy/H_T/under6_VTiCu/vasp_tmp_VCF9UW
./str/POSCAR_S_qk73wldd.vasp, Ti1 V3 Cu2, True, True, -41.44294349 eV, /BIGDATA/xbyang_5/jsy/H_T/under6_VTiCu/vasp_tmp_L9I3IJ
./str/POSCAR_S_5j2n0s76.vasp, Ti2 V2 Cu2, True, True, -40.65985772 eV, /BIGDATA/xbyang_5/jsy/H_T/under6_VTiCu/vasp_tmp_R7UVNP
./str/POSCAR_S_lsrzhini.vasp, Ti1 V4 Cu1, True, True, -46.59947928 eV, /BIGDATA/xbyang_5/jsy/H_T/under6_VTiCu/vasp_tmp_SI2EMP
./str/POSCAR_S_d54j1qeh.vasp, Ti2 V1 Cu3, False, True, -34.9945919 eV, /BIGDATA/xbyang_5/jsy/H_T/under6_VTiCu/vasp_tmp_YAF8HC
./str/POSCAR_S_ngoh_afi.vasp, Ti2 V2 Cu1, True, True, -36.89641206 eV, /BIGDATA/xbyang_5/jsy/H_T/under6_VTiCu/vasp_tmp_CPSYXT
./str/POSCAR_S_vhmg5jry.vasp, Ti2 V2 Cu2, True, True, -40.27709843 eV, /BIGDATA/xbyang_5/jsy/H_T/under6_VTiCu/vasp_tmp_R2GQJN
./str/POSCAR_S_tpxjlziw.vasp, Ti2 V2 Cu2, False, True, -40.33383508 eV, /BIGDATA/xbyang_5/jsy/H_T/under6_VTiCu/vasp_tmp_IYKPQP
./str/POSCAR_S_7b0h07ou.vasp, Ti3 V2 Cu1, False, True, -44.34737098 eV, /BIGDATA/xbyang_5/jsy/H_T/under6_VTiCu/vasp_tmp_JSSDHI
./str/POSCAR_S__qpkv0xv.vasp, Ti1 V2 Cu3, True, True, -35.7905419 eV, /BIGDATA/xbyang_5/jsy/H_T/under6_VTiCu/vasp_tmp_8FZ5CP
./str/POSCAR_S_kc8zqvp_.vasp, Ti1 V2 Cu3, False, True, -35.7795076 eV, /BIGDATA/xbyang_5/jsy/H_T/under6_VTiCu/vasp_tmp_FEJFGF
./str/POSCAR_S_dozj9tad.vasp, Ti1 V4 Cu1, True, True, -47.06838299 eV, /BIGDATA/xbyang_5/jsy/H_T/under6_VTiCu/vasp_tmp_9OCG7A
./str/POSCAR_S_th5g620a.vasp, Ti1 V2 Cu3, False, True, -36.08743872 eV, /BIGDATA/xbyang_5/jsy/H_T/under6_VTiCu/vasp_tmp_YWABAC
./str/POSCAR_S_es0k7hcz.vasp, Ti1 V1 Cu2, True, True, -23.77547351 eV, /BIGDATA/xbyang_5/jsy/H_T/under6_VTiCu/vasp_tmp_X8Y51A
./str/POSCAR_S_w3wv78cw.vasp, Ti2 V2 Cu2, True, True, -40.0904917 eV, /BIGDATA/xbyang_5/jsy/H_T/under6_VTiCu/vasp_tmp_K6C5IY
./str/POSCAR_S_9x6cvy9d.vasp, Ti2 V1 Cu3, True, True, -35.16632809 eV, /BIGDATA/xbyang_5/jsy/H_T/under6_VTiCu/vasp_tmp_GGA6MM
./str/POSCAR_S_fgqj53_e.vasp, Ti2 V2 Cu2, True, True, -40.44340397 eV, /BIGDATA/xbyang_5/jsy/H_T/under6_VTiCu/vasp_tmp_N8SW06
./str/POSCAR_S_pgep1g6v.vasp, Ti1 V3 Cu2, True, True, -41.42784326 eV, /BIGDATA/xbyang_5/jsy/H_T/under6_VTiCu/vasp_tmp_HTNLCN
./str/POSCAR_S_amiflyc9.vasp, Ti2 V3 Cu1, True, True, -45.53271242 eV, /BIGDATA/xbyang_5/jsy/H_T/under6_VTiCu/vasp_tmp_PVTYON
./str/POSCAR_S_4qiqjsvf.vasp, Ti2 V3 Cu1, False, True, -45.27268926 eV, /BIGDATA/xbyang_5/jsy/H_T/under6_VTiCu/vasp_tmp_EPXNFL
./str/POSCAR_S_xljphz0k.vasp, Ti2 V2 Cu1, True, True, -36.7235917 eV, /BIGDATA/xbyang_5/jsy/H_T/under6_VTiCu/vasp_tmp_WID6G2
./str/POSCAR_S_mrs0m5zw.vasp, Ti1 V1 Cu2, True, True, -23.70695905 eV, /BIGDATA/xbyang_5/jsy/H_T/under6_VTiCu/vasp_tmp_X6O5PP
./str/POSCAR_S_ymx53lts.vasp, Ti2 V1 Cu3, True, True, -35.15714836 eV, /BIGDATA/xbyang_5/jsy/H_T/under6_VTiCu/vasp_tmp_PWTDOX
./str/POSCAR_S_ie61yv8q.vasp, Ti2 V1 Cu3, True, True, -35.08473729 eV, /BIGDATA/xbyang_5/jsy/H_T/under6_VTiCu/vasp_tmp_EW5GDK
./str/POSCAR_S_ic5ptwm2.vasp, Ti2 V2 Cu2, True, True, -40.45324483 eV, /BIGDATA/xbyang_5/jsy/H_T/under6_VTiCu/vasp_tmp_XW6FHH
./str/POSCAR_S_y_9yjjms.vasp, Ti2 V1 Cu3, True, True, -35.05357763 eV, /BIGDATA/xbyang_5/jsy/H_T/under6_VTiCu/vasp_tmp_F4O4N3
./str/POSCAR_S_ibpkuqhs.vasp, Ti1 V2 Cu3, True, True, -35.98221219 eV, /BIGDATA/xbyang_5/jsy/H_T/under6_VTiCu/vasp_tmp_PJJ2QH
./str/POSCAR_S_f4x57jjw.vasp, Ti2 V2 Cu1, True, True, -36.92232339 eV, /BIGDATA/xbyang_5/jsy/H_T/under6_VTiCu/vasp_tmp_CFGMSX
./str/POSCAR_S_sk8m9p4r.vasp, Ti2 V3 Cu1, True, True, -45.42519639 eV, /BIGDATA/xbyang_5/jsy/H_T/under6_VTiCu/vasp_tmp_WSRXBN
./str/POSCAR_S_c5ksphnq.vasp, Ti2 V1 Cu3, True, True, -34.8113532 eV, /BIGDATA/xbyang_5/jsy/H_T/under6_VTiCu/vasp_tmp_3IVFR0
./str/POSCAR_S_6uqegzvb.vasp, Ti3 V2 Cu1, False, True, -44.30835792 eV, /BIGDATA/xbyang_5/jsy/H_T/under6_VTiCu/vasp_tmp_QK3GUI
./str/POSCAR_S_e0nx8866.vasp, Ti3 V2 Cu1, True, True, -44.19627978 eV, /BIGDATA/xbyang_5/jsy/H_T/under6_VTiCu/vasp_tmp_V5VEWZ
./str/POSCAR_S_kj5mtkpi.vasp, Ti3 V1 Cu2, False, True, -39.03724025 eV, /BIGDATA/xbyang_5/jsy/H_T/under6_VTiCu/vasp_tmp_VITF30
./str/POSCAR_S_7y5aq1an.vasp, Ti2 V3 Cu1, False, True, -45.73681229 eV, /BIGDATA/xbyang_5/jsy/H_T/under6_VTiCu/vasp_tmp_65I9J9
./str/POSCAR_S_7wb799o_.vasp, Ti1 V2 Cu3, True, True, -35.9392647 eV, /BIGDATA/xbyang_5/jsy/H_T/under6_VTiCu/vasp_tmp_L11185
./str/POSCAR_S_smj0pgdb.vasp, Ti3 V2 Cu1, True, True, -44.36765994 eV, /BIGDATA/xbyang_5/jsy/H_T/under6_VTiCu/vasp_tmp_LDAVYB
./str/POSCAR_S_uznp0tfw.vasp, Ti3 V2 Cu1, True, True, -44.12026816 eV, /BIGDATA/xbyang_5/jsy/H_T/under6_VTiCu/vasp_tmp_N4WKNA
./str/POSCAR_S_72upjfoj.vasp, Ti1 V3 Cu2, False, True, -41.5018253 eV, /BIGDATA/xbyang_5/jsy/H_T/under6_VTiCu/vasp_tmp_UH1AFG
./str/POSCAR_S_0n5v74f9.vasp, Ti2 V2 Cu1, True, True, -36.66996324 eV, /BIGDATA/xbyang_5/jsy/H_T/under6_VTiCu/vasp_tmp_SVY43D
./str/POSCAR_S_t8a3deit.vasp, Ti2 V2 Cu2, True, True, -39.55319807 eV, /BIGDATA/xbyang_5/jsy/H_T/under6_VTiCu/vasp_tmp_T0UTY3
./str/POSCAR_S_4jj9a0jb.vasp, Ti1 V2 Cu3, True, True, -35.78717096 eV, /BIGDATA/xbyang_5/jsy/H_T/under6_VTiCu/vasp_tmp_CH2XYM
./str/POSCAR_S_njf9wbwh.vasp, Ti2 V1 Cu3, True, True, -34.64965193 eV, /BIGDATA/xbyang_5/jsy/H_T/under6_VTiCu/vasp_tmp_5NBRIP
./str/POSCAR_S_lm0vvxux.vasp, Ti2 V1 Cu3, False, True, -35.2574139 eV, /BIGDATA/xbyang_5/jsy/H_T/under6_VTiCu/vasp_tmp_O6011E
./str/POSCAR_S__lz0vi00.vasp, Ti2 V1 Cu2, True, True, -31.06052858 eV, /BIGDATA/xbyang_5/jsy/H_T/under6_VTiCu/vasp_tmp_8MQG2R
./str/POSCAR_S_rc2_8i7a.vasp, Ti1 V4 Cu1, True, True, -46.70136312 eV, /BIGDATA/xbyang_5/jsy/H_T/under6_VTiCu/vasp_tmp_Z50Y7P
./str/POSCAR_S_zxg1j0r4.vasp, Ti1 V3 Cu2, True, True, -41.32926747 eV, /BIGDATA/xbyang_5/jsy/H_T/under6_VTiCu/vasp_tmp_G9Y5MB
./str/POSCAR_S_v9fz76sy.vasp, Ti3 V1 Cu2, True, True, -39.30589865 eV, /BIGDATA/xbyang_5/jsy/H_T/under6_VTiCu/vasp_tmp_XKF44Q
./str/POSCAR_S_6ehwlrbk.vasp, Ti2 V1 Cu2, True, True, -31.08293061 eV, /BIGDATA/xbyang_5/jsy/H_T/under6_VTiCu/vasp_tmp_N94QM0
./str/POSCAR_S_se2zb2cr.vasp, Ti2 V1 Cu3, True, True, -35.28563185 eV, /BIGDATA/xbyang_5/jsy/H_T/under6_VTiCu/vasp_tmp_27AF31
./str/POSCAR_S_qq90j060.vasp, Ti1 V2 Cu3, False, True, -36.09277032 eV, /BIGDATA/xbyang_5/jsy/H_T/under6_VTiCu/vasp_tmp_QBXZFH
./str/POSCAR_S__1qa5uwh.vasp, Ti2 V2 Cu1, True, True, -36.43559366 eV, /BIGDATA/xbyang_5/jsy/H_T/under6_VTiCu/vasp_tmp_VPVT4G
./str/POSCAR_S_nc60xfqb.vasp, Ti1 V2 Cu3, True, True, -35.62127163 eV, /BIGDATA/xbyang_5/jsy/H_T/under6_VTiCu/vasp_tmp_RSOM18
./str/POSCAR_S__7tiv4yk.vasp, Ti1 V3 Cu2, True, True, -41.20174577 eV, /BIGDATA/xbyang_5/jsy/H_T/under6_VTiCu/vasp_tmp_ST6KIS
./str/POSCAR_S_lilif8qb.vasp, Ti2 V2 Cu2, True, True, -40.31702148 eV, /BIGDATA/xbyang_5/jsy/H_T/under6_VTiCu/vasp_tmp_QYBT8K
./str/POSCAR_S_x2dj8_sn.vasp, Ti3 V2 Cu1, True, True, -44.66759332 eV, /BIGDATA/xbyang_5/jsy/H_T/under6_VTiCu/vasp_tmp_FU6ZO1
./str/POSCAR_S_2ddwn8kw.vasp, Ti2 V1 Cu3, True, True, -35.1724117 eV, /BIGDATA/xbyang_5/jsy/H_T/under6_VTiCu/vasp_tmp_8WPGIR
./str/POSCAR_S_pskzxxsv.vasp, Ti2 V2 Cu2, False, True, -40.38323563 eV, /BIGDATA/xbyang_5/jsy/H_T/under6_VTiCu/vasp_tmp_HITG8S
./str/POSCAR_S_bh96dy6a.vasp, Ti1 V2 Cu3, True, True, -35.70522853 eV, /BIGDATA/xbyang_5/jsy/H_T/under6_VTiCu/vasp_tmp_E0OD09
./str/POSCAR_S__o37wl78.vasp, Ti3 V2 Cu1, True, True, -44.29883405 eV, /BIGDATA/xbyang_5/jsy/H_T/under6_VTiCu/vasp_tmp_GWK5HY
./str/POSCAR_S_tokjn0jb.vasp, Ti2 V3 Cu1, True, True, -45.61898213 eV, /BIGDATA/xbyang_5/jsy/H_T/under6_VTiCu/vasp_tmp_61F0XE
./str/POSCAR_S_e0vj9pmj.vasp, Ti2 V2 Cu2, True, True, -40.0120088 eV, /BIGDATA/xbyang_5/jsy/H_T/under6_VTiCu/vasp_tmp_1W75R9
./str/POSCAR_S_lt_mfpv_.vasp, Ti1 V1 Cu2, True, True, -23.50219492 eV, /BIGDATA/xbyang_5/jsy/H_T/under6_VTiCu/vasp_tmp_DKCGIS
./str/POSCAR_S_6ah6jnfd.vasp, Ti1 V3 Cu2, True, True, -40.9982719 eV, /BIGDATA/xbyang_5/jsy/H_T/under6_VTiCu/vasp_tmp_PCIFM9
./str/POSCAR_S_796mudmd.vasp, Ti2 V2 Cu2, True, True, -40.14370039 eV, /BIGDATA/xbyang_5/jsy/H_T/under6_VTiCu/vasp_tmp_UIJ3KQ
./str/POSCAR_S_zwmgsav4.vasp, Ti1 V1 Cu4, True, True, -30.98969888 eV, /BIGDATA/xbyang_5/jsy/H_T/under6_VTiCu/vasp_tmp_R2CK6J
./str/POSCAR_S_c6k4ohna.vasp, Ti1 V3 Cu2, True, True, -41.4247925 eV, /BIGDATA/xbyang_5/jsy/H_T/under6_VTiCu/vasp_tmp_UDLGXG
./str/POSCAR_S_pkf4zk4v.vasp, Ti1 V4 Cu1, True, True, -46.84939178 eV, /BIGDATA/xbyang_5/jsy/H_T/under6_VTiCu/vasp_tmp_E335EA
./str/POSCAR_S_du78spoe.vasp, Ti2 V3 Cu1, True, True, -45.65380965 eV, /BIGDATA/xbyang_5/jsy/H_T/under6_VTiCu/vasp_tmp_2BKZKO
./str/POSCAR_S_cllnj7na.vasp, Ti2 V1 Cu2, True, True, -31.49057641 eV, /BIGDATA/xbyang_5/jsy/H_T/under6_VTiCu/vasp_tmp_HES6TP
./str/POSCAR_S_t8itxuh2.vasp, Ti3 V2 Cu1, True, True, -44.81402873 eV, /BIGDATA/xbyang_5/jsy/H_T/under6_VTiCu/vasp_tmp_6FQORX
./str/POSCAR_S_9z1bc9ai.vasp, Ti1 V1 Cu4, True, True, -30.91666073 eV, /BIGDATA/xbyang_5/jsy/H_T/under6_VTiCu/vasp_tmp_3Y0K3T
./str/POSCAR_S_5i4w4u03.vasp, Ti3 V1 Cu2, True, True, -39.04702052 eV, /BIGDATA/xbyang_5/jsy/H_T/under6_VTiCu/vasp_tmp_C3ZF8Q
./str/POSCAR_S_pl1awm81.vasp, Ti2 V3 Cu1, True, True, -45.87132842 eV, /BIGDATA/xbyang_5/jsy/H_T/under6_VTiCu/vasp_tmp_SG0G35
./str/POSCAR_S_ffejjn9q.vasp, Ti1 V4 Cu1, True, True, -46.54463555 eV, /BIGDATA/xbyang_5/jsy/H_T/under6_VTiCu/vasp_tmp_EX5JNC
./str/POSCAR_S_wqklduws.vasp, Ti1 V2 Cu2, True, True, -32.55272374 eV, /BIGDATA/xbyang_5/jsy/H_T/under6_VTiCu/vasp_tmp_G76GT8
./str/POSCAR_S_0p9bdd81.vasp, Ti2 V2 Cu1, True, True, -36.54781223 eV, /BIGDATA/xbyang_5/jsy/H_T/under6_VTiCu/vasp_tmp_TZ5912
./str/POSCAR_S_i8km0vsm.vasp, Ti3 V1 Cu2, True, True, -39.30608526 eV, /BIGDATA/xbyang_5/jsy/H_T/under6_VTiCu/vasp_tmp_F4F695
./str/POSCAR_S_5_ldenzr.vasp, Ti2 V2 Cu2, True, True, -40.46115594 eV, /BIGDATA/xbyang_5/jsy/H_T/under6_VTiCu/vasp_tmp_KKAA61
./str/POSCAR_S_qoclsf0m.vasp, Ti1 V2 Cu3, True, True, -36.41534815 eV, /BIGDATA/xbyang_5/jsy/H_T/under6_VTiCu/vasp_tmp_QQ39K7
./str/POSCAR_S_lj20ms3z.vasp, Ti1 V3 Cu2, True, True, -40.74488267 eV, /BIGDATA/xbyang_5/jsy/H_T/under6_VTiCu/vasp_tmp_GW5Z2Z
./str/POSCAR_S_3vgm8eed.vasp, Ti2 V2 Cu2, False, True, -39.90938119 eV, /BIGDATA/xbyang_5/jsy/H_T/under6_VTiCu/vasp_tmp_GMM1IJ
./str/POSCAR_S_efe97ahq.vasp, Ti2 V1 Cu1, True, True, -27.72561574 eV, /BIGDATA/xbyang_5/jsy/H_T/under6_VTiCu/vasp_tmp_HHHNBX
./str/POSCAR_S_sy0b6_0_.vasp, Ti3 V1 Cu2, False, True, -39.28805646 eV, /BIGDATA/xbyang_5/jsy/H_T/under6_VTiCu/vasp_tmp_BRY4HK
./str/POSCAR_S_6rzv0y3j.vasp, Ti1 V4 Cu1, True, True, -47.03777738 eV, /BIGDATA/xbyang_5/jsy/H_T/under6_VTiCu/vasp_tmp_SFCGTS
./str/POSCAR_S_qebgm4e0.vasp, Ti3 V1 Cu1, False, True, -35.56317861 eV, /BIGDATA/xbyang_5/jsy/H_T/under6_VTiCu/vasp_tmp_JDB0KV
./str/POSCAR_S_8h7_y39_.vasp, Ti2 V2 Cu2, True, True, -40.04147686 eV, /BIGDATA/xbyang_5/jsy/H_T/under6_VTiCu/vasp_tmp_3UC8FZ
./str/POSCAR_S_g0f21he5.vasp, Ti3 V2 Cu1, True, True, -44.48189777 eV, /BIGDATA/xbyang_5/jsy/H_T/under6_VTiCu/vasp_tmp_52R7VI
./str/POSCAR_S_c2ws3ucb.vasp, Ti3 V2 Cu1, True, True, -44.43466338 eV, /BIGDATA/xbyang_5/jsy/H_T/under6_VTiCu/vasp_tmp_XQ33W7
./str/POSCAR_S_kw2cv5xt.vasp, Ti1 V3 Cu1, True, True, -37.99365779 eV, /BIGDATA/xbyang_5/jsy/H_T/under6_VTiCu/vasp_tmp_K5YU6B
./str/POSCAR_S_yre0_g00.vasp, Ti2 V1 Cu1, True, True, -27.73372131 eV, /BIGDATA/xbyang_5/jsy/H_T/under6_VTiCu/vasp_tmp_8RWNK9
./str/POSCAR_S_x_zb5x9g.vasp, Ti2 V1 Cu3, True, True, -34.9884849 eV, /BIGDATA/xbyang_5/jsy/H_T/under6_VTiCu/vasp_tmp_9V28TI
./str/POSCAR_S_qymh67hc.vasp, Ti2 V2 Cu2, True, True, -39.55356217 eV, /BIGDATA/xbyang_5/jsy/H_T/under6_VTiCu/vasp_tmp_QWCKKP
./str/POSCAR_S_safnynx9.vasp, Ti1 V3 Cu2, True, True, -41.29119235 eV, /BIGDATA/xbyang_5/jsy/H_T/under6_VTiCu/vasp_tmp_56MPZ1
./str/POSCAR_S_anzy2yzu.vasp, Ti1 V1 Cu3, True, True, -27.03707636 eV, /BIGDATA/xbyang_5/jsy/H_T/under6_VTiCu/vasp_tmp_8GKDIA
./str/POSCAR_S_u_eqc58_.vasp, Ti2 V1 Cu3, True, True, -35.19630105 eV, /BIGDATA/xbyang_5/jsy/H_T/under6_VTiCu/vasp_tmp_M4E9IF
./str/POSCAR_S_zm44r2vg.vasp, Ti1 V3 Cu1, True, True, -37.81036426 eV, /BIGDATA/xbyang_5/jsy/H_T/under6_VTiCu/vasp_tmp_E2WBQV
./str/POSCAR_S_22s31ii8.vasp, Ti2 V3 Cu1, True, True, -45.69815416 eV, /BIGDATA/xbyang_5/jsy/H_T/under6_VTiCu/vasp_tmp_9XDJMC
./str/POSCAR_S_s5a9uyst.vasp, Ti3 V1 Cu2, True, True, -39.39894687 eV, /BIGDATA/xbyang_5/jsy/H_T/under6_VTiCu/vasp_tmp_ZL4BHG
./str/POSCAR_S_fc0_h6lx.vasp, Ti1 V2 Cu1, True, True, -28.59558454 eV, /BIGDATA/xbyang_5/jsy/H_T/under6_VTiCu/vasp_tmp_7A75Q8
./str/POSCAR_S_iv5s9y0s.vasp, Ti2 V2 Cu1, True, True, -36.82814039 eV, /BIGDATA/xbyang_5/jsy/H_T/under6_VTiCu/vasp_tmp_1AJ3OR
./str/POSCAR_S_wz9wrot5.vasp, Ti2 V1 Cu3, True, True, -34.88059177 eV, /BIGDATA/xbyang_5/jsy/H_T/under6_VTiCu/vasp_tmp_ACSCRD
./str/POSCAR_S_xgyeb938.vasp, Ti1 V4 Cu1, True, True, -47.05769495 eV, /BIGDATA/xbyang_5/jsy/H_T/under6_VTiCu/vasp_tmp_7E5A1R
./str/POSCAR_S_33os5uwn.vasp, Ti1 V3 Cu2, True, True, -41.34789073 eV, /BIGDATA/xbyang_5/jsy/H_T/under6_VTiCu/vasp_tmp_03ZLD7
./str/POSCAR_S_u_x7c0qf.vasp, Ti1 V2 Cu3, True, True, -36.45023668 eV, /BIGDATA/xbyang_5/jsy/H_T/under6_VTiCu/vasp_tmp_FLA7GD
./str/POSCAR_S_7rq5qa5w.vasp, Ti1 V2 Cu3, True, True, -36.15964748 eV, /BIGDATA/xbyang_5/jsy/H_T/under6_VTiCu/vasp_tmp_S4P3UN
./str/POSCAR_S_d8ci8f1w.vasp, Ti3 V2 Cu1, True, True, -44.05074714 eV, /BIGDATA/xbyang_5/jsy/H_T/under6_VTiCu/vasp_tmp_39KMIP
./str/POSCAR_S_nh7w4ymi.vasp, Ti3 V1 Cu2, True, True, -39.11398536 eV, /BIGDATA/xbyang_5/jsy/H_T/under6_VTiCu/vasp_tmp_6571OT
./str/POSCAR_S_6h93ebu9.vasp, Ti3 V1 Cu2, False, True, -38.37748381 eV, /BIGDATA/xbyang_5/jsy/H_T/under6_VTiCu/vasp_tmp_08NIAT
./str/POSCAR_S_b_646hca.vasp, Ti2 V1 Cu2, True, True, -32.24050047 eV, /BIGDATA/xbyang_5/jsy/H_T/under6_VTiCu/vasp_tmp_J43DQH
./str/POSCAR_S_hr4pl5ko.vasp, Ti1 V2 Cu2, True, True, -32.37412435 eV, /BIGDATA/xbyang_5/jsy/H_T/under6_VTiCu/vasp_tmp_GQOY7Z
./str/POSCAR_S_b2xm__um.vasp, Ti1 V3 Cu2, True, True, -41.22185892 eV, /BIGDATA/xbyang_5/jsy/H_T/under6_VTiCu/vasp_tmp_LIOWJ6
./str/POSCAR_S_4ur191z_.vasp, Ti2 V1 Cu1, True, True, -28.03665865 eV, /BIGDATA/xbyang_5/jsy/H_T/under6_VTiCu/vasp_tmp_QL104H
./str/POSCAR_S_lg1icpi4.vasp, Ti2 V1 Cu1, True, True, -27.49338522 eV, /BIGDATA/xbyang_5/jsy/H_T/under6_VTiCu/vasp_tmp_BEWKK7
./str/POSCAR_S_sez190jd.vasp, Ti2 V1 Cu1, True, True, -27.75062585 eV, /BIGDATA/xbyang_5/jsy/H_T/under6_VTiCu/vasp_tmp_22Y8VR
./str/POSCAR_S_ui45ypbe.vasp, Ti3 V2 Cu1, True, True, -44.33770716 eV, /BIGDATA/xbyang_5/jsy/H_T/under6_VTiCu/vasp_tmp_UXL6W9
./str/POSCAR_S_drni18r1.vasp, Ti2 V2 Cu1, True, True, -37.38920764 eV, /BIGDATA/xbyang_5/jsy/H_T/under6_VTiCu/vasp_tmp_LYKZO3
./str/POSCAR_S_4fyhwxob.vasp, Ti1 V3 Cu2, True, True, -41.2551542 eV, /BIGDATA/xbyang_5/jsy/H_T/under6_VTiCu/vasp_tmp_YZNFVV
./str/POSCAR_S_jop_abza.vasp, Ti1 V1 Cu2, True, True, -23.51084869 eV, /BIGDATA/xbyang_5/jsy/H_T/under6_VTiCu/vasp_tmp_047CBF
./str/POSCAR_S_4rd_vdy6.vasp, Ti3 V1 Cu1, True, True, -35.44758389 eV, /BIGDATA/xbyang_5/jsy/H_T/under6_VTiCu/vasp_tmp_GWRZOV
./str/POSCAR_S_sjwlawcm.vasp, Ti3 V1 Cu2, False, True, -39.78924836 eV, /BIGDATA/xbyang_5/jsy/H_T/under6_VTiCu/vasp_tmp_97YLK2
./str/POSCAR_S_7asxce2o.vasp, Ti4 V1 Cu1, False, True, -43.11368725 eV, /BIGDATA/xbyang_5/jsy/H_T/under6_VTiCu/vasp_tmp_9I0GRV
./str/POSCAR_S_dhtt6ovi.vasp, Ti1 V2 Cu3, True, True, -35.75583841 eV, /BIGDATA/xbyang_5/jsy/H_T/under6_VTiCu/vasp_tmp_PMZJ3A
./str/POSCAR_S_iz7_s3be.vasp, Ti3 V2 Cu1, True, True, -44.26880008 eV, /BIGDATA/xbyang_5/jsy/H_T/under6_VTiCu/vasp_tmp_XYW22Y
./str/POSCAR_S_imeezqyz.vasp, Ti1 V3 Cu2, False, True, -41.90919031 eV, /BIGDATA/xbyang_5/jsy/H_T/under6_VTiCu/vasp_tmp_NQIZ96
./str/POSCAR_S_s_pu8h93.vasp, Ti1 V1 Cu4, False, True, -31.51359047 eV, /BIGDATA/xbyang_5/jsy/H_T/under6_VTiCu/vasp_tmp_RT85UO
./str/POSCAR_S_vw5havul.vasp, Ti2 V1 Cu3, True, True, -34.77214811 eV, /BIGDATA/xbyang_5/jsy/H_T/under6_VTiCu/vasp_tmp_UKKFJA
./str/POSCAR_S_glpb7kbh.vasp, Ti3 V2 Cu1, True, True, -44.48525201 eV, /BIGDATA/xbyang_5/jsy/H_T/under6_VTiCu/vasp_tmp_HK9B3Z
./str/POSCAR_S_r3_y521d.vasp, Ti1 V2 Cu3, True, True, -36.29926613 eV, /BIGDATA/xbyang_5/jsy/H_T/under6_VTiCu/vasp_tmp_B90H94
./str/POSCAR_S_fkectiir.vasp, Ti2 V2 Cu2, True, True, -40.40330968 eV, /BIGDATA/xbyang_5/jsy/H_T/under6_VTiCu/vasp_tmp_59JXEQ
./str/POSCAR_S_rzkgkej8.vasp, Ti1 V3 Cu2, True, True, -41.23168884 eV, /BIGDATA/xbyang_5/jsy/H_T/under6_VTiCu/vasp_tmp_2RC8RI
./str/POSCAR_S_4rn4gt3f.vasp, Ti2 V1 Cu3, True, True, -34.80703424 eV, /BIGDATA/xbyang_5/jsy/H_T/under6_VTiCu/vasp_tmp_AYQP2F
./str/POSCAR_S_dl3h90ti.vasp, Ti1 V2 Cu2, True, True, -32.43362135 eV, /BIGDATA/xbyang_5/jsy/H_T/under6_VTiCu/vasp_tmp_UF7EKM
./str/POSCAR_S__jhdpovz.vasp, Ti1 V2 Cu1, True, True, -28.40523836 eV, /BIGDATA/xbyang_5/jsy/H_T/under6_VTiCu/vasp_tmp_Y2SDEZ
./str/POSCAR_S_3_my63bp.vasp, Ti1 V3 Cu2, True, True, -41.6592876 eV, /BIGDATA/xbyang_5/jsy/H_T/under6_VTiCu/vasp_tmp_OZUKLC
./str/POSCAR_S_5uqut4b9.vasp, Ti1 V2 Cu2, True, True, -32.58292019 eV, /BIGDATA/xbyang_5/jsy/H_T/under6_VTiCu/vasp_tmp_9FPWS5
./str/POSCAR_S_4a31zhj0.vasp, Ti1 V2 Cu3, True, True, -35.82723256 eV, /BIGDATA/xbyang_5/jsy/H_T/under6_VTiCu/vasp_tmp_30HBO4
./str/POSCAR_S_1iebyutd.vasp, Ti1 V2 Cu3, True, True, -36.08761482 eV, /BIGDATA/xbyang_5/jsy/H_T/under6_VTiCu/vasp_tmp_CDBFBD
./str/POSCAR_S_draqy0ls.vasp, Ti2 V1 Cu3, True, True, -35.14653638 eV, /BIGDATA/xbyang_5/jsy/H_T/under6_VTiCu/vasp_tmp_V91L3G
./str/POSCAR_S_fdt39wk6.vasp, Ti3 V2 Cu1, True, True, -44.47904355 eV, /BIGDATA/xbyang_5/jsy/H_T/under6_VTiCu/vasp_tmp_DO5PXM
./str/POSCAR_S_95kmmb_s.vasp, Ti2 V2 Cu2, True, True, -40.20468006 eV, /BIGDATA/xbyang_5/jsy/H_T/under6_VTiCu/vasp_tmp_FUT9H5
./str/POSCAR_S_b0kns03a.vasp, Ti3 V1 Cu2, True, True, -39.22614917 eV, /BIGDATA/xbyang_5/jsy/H_T/under6_VTiCu/vasp_tmp_7XQCQU
./str/POSCAR_S_gfcblltt.vasp, Ti2 V2 Cu2, True, True, -39.99812648 eV, /BIGDATA/xbyang_5/jsy/H_T/under6_VTiCu/vasp_tmp_IQ3V95
./str/POSCAR_S_maetcfwu.vasp, Ti1 V3 Cu2, True, True, -41.70857993 eV, /BIGDATA/xbyang_5/jsy/H_T/under6_VTiCu/vasp_tmp_YMJQLR
./str/POSCAR_S_arrhsi3v.vasp, Ti1 V1 Cu4, False, True, -31.56079316 eV, /BIGDATA/xbyang_5/jsy/H_T/under6_VTiCu/vasp_tmp_M9MM4S
./str/POSCAR_S_uwj0nr5j.vasp, Ti3 V2 Cu1, True, True, -44.57384975 eV, /BIGDATA/xbyang_5/jsy/H_T/under6_VTiCu/vasp_tmp_YICTHI
./str/POSCAR_S_ldwz6u6s.vasp, Ti2 V2 Cu2, True, True, -40.30492921 eV, /BIGDATA/xbyang_5/jsy/H_T/under6_VTiCu/vasp_tmp_RFAIIR
./str/POSCAR_S_6dfqn8ki.vasp, Ti3 V1 Cu2, True, True, -38.90423028 eV, /BIGDATA/xbyang_5/jsy/H_T/under6_VTiCu/vasp_tmp_JFCR8D
./str/POSCAR_S_gvdrlpzh.vasp, Ti3 V1 Cu2, True, True, -38.97431933 eV, /BIGDATA/xbyang_5/jsy/H_T/under6_VTiCu/vasp_tmp_IAS3XH
./str/POSCAR_S__l4c9ya0.vasp, Ti3 V2 Cu1, True, True, -44.41532872 eV, /BIGDATA/xbyang_5/jsy/H_T/under6_VTiCu/vasp_tmp_T2KA06
./str/POSCAR_S_f_qxwvii.vasp, Ti2 V2 Cu2, True, True, -40.18617035 eV, /BIGDATA/xbyang_5/jsy/H_T/under6_VTiCu/vasp_tmp_0MLIFQ
./str/POSCAR_S_9822opdb.vasp, Ti1 V2 Cu1, True, True, -28.86948143 eV, /BIGDATA/xbyang_5/jsy/H_T/under6_VTiCu/vasp_tmp_V9MS97
./str/POSCAR_S_u0sx1k5x.vasp, Ti3 V1 Cu1, True, True, -35.69882658 eV, /BIGDATA/xbyang_5/jsy/H_T/under6_VTiCu/vasp_tmp_5A74ZV
./str/POSCAR_S_oppj21ux.vasp, Ti1 V3 Cu1, True, True, -38.23988485 eV, /BIGDATA/xbyang_5/jsy/H_T/under6_VTiCu/vasp_tmp_KJIRC7
./str/POSCAR_S_hgrlkd0b.vasp, Ti2 V3 Cu1, True, True, -45.69219075 eV, /BIGDATA/xbyang_5/jsy/H_T/under6_VTiCu/vasp_tmp_6FQU5E
./str/POSCAR_S_v4901awe.vasp, Ti2 V2 Cu2, True, True, -40.72614924 eV, /BIGDATA/xbyang_5/jsy/H_T/under6_VTiCu/vasp_tmp_R2F40P
./str/POSCAR_S_r9vtazm9.vasp, Ti2 V2 Cu2, False, True, -40.98695314 eV, /BIGDATA/xbyang_5/jsy/H_T/under6_VTiCu/vasp_tmp_VRODTR
./str/POSCAR_S_1b8eeym0.vasp, Ti3 V2 Cu1, True, True, -44.28148756 eV, /BIGDATA/xbyang_5/jsy/H_T/under6_VTiCu/vasp_tmp_IK9M79
./str/POSCAR_S_dv_32i71.vasp, Ti2 V2 Cu2, True, True, -40.19254801 eV, /BIGDATA/xbyang_5/jsy/H_T/under6_VTiCu/vasp_tmp_ND6M9J
./str/POSCAR_S_kj8lsz_c.vasp, Ti2 V3 Cu1, True, True, -45.37406098 eV, /BIGDATA/xbyang_5/jsy/H_T/under6_VTiCu/vasp_tmp_QQOAMF
./str/POSCAR_S_cdzp3r3y.vasp, Ti2 V3 Cu1, True, True, -45.49683771 eV, /BIGDATA/xbyang_5/jsy/H_T/under6_VTiCu/vasp_tmp_LHR3DD
./str/POSCAR_S_hxc38t05.vasp, Ti3 V1 Cu2, True, True, -39.10617983 eV, /BIGDATA/xbyang_5/jsy/H_T/under6_VTiCu/vasp_tmp_C0HFCK
./str/POSCAR_S_r0_0mwbm.vasp, Ti2 V2 Cu2, True, True, -40.60907077 eV, /BIGDATA/xbyang_5/jsy/H_T/under6_VTiCu/vasp_tmp_J9BALG
./str/POSCAR_S__2rb845m.vasp, Ti3 V2 Cu1, True, True, -44.62317466 eV, /BIGDATA/xbyang_5/jsy/H_T/under6_VTiCu/vasp_tmp_SNGZL5
./str/POSCAR_S_i_4gm38j.vasp, Ti1 V3 Cu1, True, True, -37.99306016 eV, /BIGDATA/xbyang_5/jsy/H_T/under6_VTiCu/vasp_tmp_SN692V
./str/POSCAR_S_twmujeh8.vasp, Ti1 V2 Cu3, True, True, -35.49313837 eV, /BIGDATA/xbyang_5/jsy/H_T/under6_VTiCu/vasp_tmp_Z593GJ
./str/POSCAR_S_tattzvlg.vasp, Ti3 V2 Cu1, True, True, -44.53711114 eV, /BIGDATA/xbyang_5/jsy/H_T/under6_VTiCu/vasp_tmp_42LWA1
./str/POSCAR_S_b4e6mv2i.vasp, Ti1 V2 Cu3, True, True, -36.1083297 eV, /BIGDATA/xbyang_5/jsy/H_T/under6_VTiCu/vasp_tmp_PFI6MD
./str/POSCAR_S_o3gnzsyw.vasp, Ti1 V2 Cu3, True, True, -36.26092429 eV, /BIGDATA/xbyang_5/jsy/H_T/under6_VTiCu/vasp_tmp_Q4ND6I
./str/POSCAR_S_n0i072n3.vasp, Ti1 V3 Cu2, True, True, -41.39481158 eV, /BIGDATA/xbyang_5/jsy/H_T/under6_VTiCu/vasp_tmp_H85STM
./str/POSCAR_S_2_7hieno.vasp, Ti1 V1 Cu4, True, True, -30.74258783 eV, /BIGDATA/xbyang_5/jsy/H_T/under6_VTiCu/vasp_tmp_CC3OZV
./str/POSCAR_S_znc114vk.vasp, Ti3 V1 Cu2, False, True, -38.47323252 eV, /BIGDATA/xbyang_5/jsy/H_T/under6_VTiCu/vasp_tmp_9RRRPW
./str/POSCAR_S_b31t92rl.vasp, Ti3 V2 Cu1, True, True, -43.93496078 eV, /BIGDATA/xbyang_5/jsy/H_T/under6_VTiCu/vasp_tmp_XNBM5J
./str/POSCAR_S_6_ck0lcm.vasp, Ti3 V1 Cu2, True, True, -38.39541582 eV, /BIGDATA/xbyang_5/jsy/H_T/under6_VTiCu/vasp_tmp_Y0R1JO
./str/POSCAR_S_m44aml7n.vasp, Ti2 V3 Cu1, True, True, -45.62488144 eV, /BIGDATA/xbyang_5/jsy/H_T/under6_VTiCu/vasp_tmp_SVXDFM
./str/POSCAR_S_q6wnhi4g.vasp, Ti2 V1 Cu3, False, True, -35.27037195 eV, /BIGDATA/xbyang_5/jsy/H_T/under6_VTiCu/vasp_tmp_VXA2M8
./str/POSCAR_S_wvicvauk.vasp, Ti2 V2 Cu2, True, True, -39.89806034 eV, /BIGDATA/xbyang_5/jsy/H_T/under6_VTiCu/vasp_tmp_772VLP
./str/POSCAR_S_bv0xl3f7.vasp, Ti1 V4 Cu1, True, True, -46.81251897 eV, /BIGDATA/xbyang_5/jsy/H_T/under6_VTiCu/vasp_tmp_BHW9YQ
./str/POSCAR_S_zl9rxwwf.vasp, Ti1 V2 Cu3, True, True, -35.93630483 eV, /BIGDATA/xbyang_5/jsy/H_T/under6_VTiCu/vasp_tmp_S5YDIO
./str/POSCAR_S_kaea2t51.vasp, Ti4 V1 Cu1, True, True, -43.22941816 eV, /BIGDATA/xbyang_5/jsy/H_T/under6_VTiCu/vasp_tmp_DU6P28
./str/POSCAR_S_3teo5iv3.vasp, Ti4 V1 Cu1, True, True, -43.52536017 eV, /BIGDATA/xbyang_5/jsy/H_T/under6_VTiCu/vasp_tmp_EQ6QRV
./str/POSCAR_S_y73x3b66.vasp, Ti2 V1 Cu2, True, True, -31.54714733 eV, /BIGDATA/xbyang_5/jsy/H_T/under6_VTiCu/vasp_tmp_46QOUC
./str/POSCAR_S_cu8isk8g.vasp, Ti2 V3 Cu1, True, True, -45.75479243 eV, /BIGDATA/xbyang_5/jsy/H_T/under6_VTiCu/vasp_tmp_I3NIGA
./str/POSCAR_S_1l16zzbi.vasp, Ti2 V3 Cu1, True, True, -45.41831416 eV, /BIGDATA/xbyang_5/jsy/H_T/under6_VTiCu/vasp_tmp_ZJYLSR
./str/POSCAR_S_l792_3vj.vasp, Ti2 V1 Cu3, True, True, -34.9235607 eV, /BIGDATA/xbyang_5/jsy/H_T/under6_VTiCu/vasp_tmp_G1GESU
./str/POSCAR_S_29l_12o0.vasp, Ti2 V1 Cu2, True, True, -31.54059498 eV, /BIGDATA/xbyang_5/jsy/H_T/under6_VTiCu/vasp_tmp_TZ02PU
./str/POSCAR_S_o9m7y__5.vasp, Ti3 V2 Cu1, True, True, -44.3946018 eV, /BIGDATA/xbyang_5/jsy/H_T/under6_VTiCu/vasp_tmp_NBP757
./str/POSCAR_S_sk29bgiv.vasp, Ti2 V1 Cu3, False, True, -35.27277049 eV, /BIGDATA/xbyang_5/jsy/H_T/under6_VTiCu/vasp_tmp_USC3VP
./str/POSCAR_S_3j4tk652.vasp, Ti3 V2 Cu1, True, True, -44.01502838 eV, /BIGDATA/xbyang_5/jsy/H_T/under6_VTiCu/vasp_tmp_6CT67Y
./str/POSCAR_S_rpoc5por.vasp, Ti3 V1 Cu2, False, True, -39.5489455 eV, /BIGDATA/xbyang_5/jsy/H_T/under6_VTiCu/vasp_tmp_HXI1QU
./str/POSCAR_S_rojsbwab.vasp, Ti2 V1 Cu3, False, True, -35.12483136 eV, /BIGDATA/xbyang_5/jsy/H_T/under6_VTiCu/vasp_tmp_2Z8VMY
./str/POSCAR_S_7ehq2o_k.vasp, Ti3 V1 Cu2, True, True, -39.21943925 eV, /BIGDATA/xbyang_5/jsy/H_T/under6_VTiCu/vasp_tmp_4PCII4
./str/POSCAR_S_33bn7l20.vasp, Ti1 V2 Cu3, True, True, -36.21428545 eV, /BIGDATA/xbyang_5/jsy/H_T/under6_VTiCu/vasp_tmp_5T0RW5
./str/POSCAR_S_y2mz4vu9.vasp, Ti1 V3 Cu2, False, True, -41.48060085 eV, /BIGDATA/xbyang_5/jsy/H_T/under6_VTiCu/vasp_tmp_VUOH03
./str/POSCAR_S_doyzi3kl.vasp, Ti3 V1 Cu2, True, True, -39.51464248 eV, /BIGDATA/xbyang_5/jsy/H_T/under6_VTiCu/vasp_tmp_UUR1N4
./str/POSCAR_S_jwl8_prt.vasp, Ti1 V3 Cu2, True, True, -41.58657939 eV, /BIGDATA/xbyang_5/jsy/H_T/under6_VTiCu/vasp_tmp_8IL8SG
./str/POSCAR_S_1fart5he.vasp, Ti3 V2 Cu1, False, True, -44.30396551 eV, /BIGDATA/xbyang_5/jsy/H_T/under6_VTiCu/vasp_tmp_BBPYTS
./str/POSCAR_S_a_hv2rja.vasp, Ti3 V1 Cu2, True, True, -38.71808348 eV, /BIGDATA/xbyang_5/jsy/H_T/under6_VTiCu/vasp_tmp_4VPG61
./str/POSCAR_S_gzfaqqzq.vasp, Ti2 V2 Cu1, True, True, -36.88020097 eV, /BIGDATA/xbyang_5/jsy/H_T/under6_VTiCu/vasp_tmp_L8U6HA
./str/POSCAR_S_poltf_yk.vasp, Ti1 V4 Cu1, True, True, -46.9696568 eV, /BIGDATA/xbyang_5/jsy/H_T/under6_VTiCu/vasp_tmp_YM7L75
./str/POSCAR_S_gul5ypwg.vasp, Ti2 V2 Cu2, True, True, -40.32021502 eV, /BIGDATA/xbyang_5/jsy/H_T/under6_VTiCu/vasp_tmp_H5NIWO
./str/POSCAR_S_i4zutccu.vasp, Ti4 V1 Cu1, False, True, -42.97509509 eV, /BIGDATA/xbyang_5/jsy/H_T/under6_VTiCu/vasp_tmp_F95XA7
./str/POSCAR_S_sw29a6ya.vasp, Ti2 V2 Cu2, True, True, -40.22029075 eV, /BIGDATA/xbyang_5/jsy/H_T/under6_VTiCu/vasp_tmp_QP82U7
./str/POSCAR_S_4qiflxuo.vasp, Ti2 V3 Cu1, True, True, -45.57592997 eV, /BIGDATA/xbyang_5/jsy/H_T/under6_VTiCu/vasp_tmp_5ZOVQF
./str/POSCAR_S_yrllj1oz.vasp, Ti1 V1 Cu4, True, True, -30.94232451 eV, /BIGDATA/xbyang_5/jsy/H_T/under6_VTiCu/vasp_tmp_4CZ56S
./str/POSCAR_S_p7tuba55.vasp, Ti1 V1 Cu3, True, True, -27.32324499 eV, /BIGDATA/xbyang_5/jsy/H_T/under6_VTiCu/vasp_tmp_53E87Z
./str/POSCAR_S_yc6fjphr.vasp, Ti4 V1 Cu1, True, True, -43.67160186 eV, /BIGDATA/xbyang_5/jsy/H_T/under6_VTiCu/vasp_tmp_JEFAI5
./str/POSCAR_S_8himzp8d.vasp, Ti4 V1 Cu1, False, True, -43.34896124 eV, /BIGDATA/xbyang_5/jsy/H_T/under6_VTiCu/vasp_tmp_H7GYAW
./str/POSCAR_S__pjdd6su.vasp, Ti1 V2 Cu3, True, True, -35.7508725 eV, /BIGDATA/xbyang_5/jsy/H_T/under6_VTiCu/vasp_tmp_VZ2WB3
./str/POSCAR_S_93jjl43b.vasp, Ti2 V1 Cu1, False, True, -27.73454265 eV, /BIGDATA/xbyang_5/jsy/H_T/under6_VTiCu/vasp_tmp_B65O15
./str/POSCAR_S_in4ordqe.vasp, Ti1 V1 Cu4, True, True, -30.69209985 eV, /BIGDATA/xbyang_5/jsy/H_T/under6_VTiCu/vasp_tmp_SD3MHY
./str/POSCAR_S_qnklwfvt.vasp, Ti2 V2 Cu2, True, True, -40.59429096 eV, /BIGDATA/xbyang_5/jsy/H_T/under6_VTiCu/vasp_tmp_8SNMT2
./str/POSCAR_S_kuf93jts.vasp, Ti2 V1 Cu3, True, True, -35.46786211 eV, /BIGDATA/xbyang_5/jsy/H_T/under6_VTiCu/vasp_tmp_G307VN
./str/POSCAR_S_ptkrcz5a.vasp, Ti2 V3 Cu1, True, True, -45.91333848 eV, /BIGDATA/xbyang_5/jsy/H_T/under6_VTiCu/vasp_tmp_TGIS5W
./str/POSCAR_S_yw50br_9.vasp, Ti2 V2 Cu2, True, True, -40.61855306 eV, /BIGDATA/xbyang_5/jsy/H_T/under6_VTiCu/vasp_tmp_C6CBNG
./str/POSCAR_S_vod9z0jp.vasp, Ti3 V1 Cu1, True, True, -35.62887343 eV, /BIGDATA/xbyang_5/jsy/H_T/under6_VTiCu/vasp_tmp_T5AQ3P
./str/POSCAR_S_5tdlhwne.vasp, Ti2 V3 Cu1, True, True, -45.3652792 eV, /BIGDATA/xbyang_5/jsy/H_T/under6_VTiCu/vasp_tmp_L82PMG
./str/POSCAR_S_etz7dtei.vasp, Ti2 V2 Cu2, True, True, -40.37632353 eV, /BIGDATA/xbyang_5/jsy/H_T/under6_VTiCu/vasp_tmp_VEBAIL
./str/POSCAR_S_g4h_uuax.vasp, Ti2 V3 Cu1, True, True, -45.67945754 eV, /BIGDATA/xbyang_5/jsy/H_T/under6_VTiCu/vasp_tmp_HW37Z8
./str/POSCAR_S_pyxgzvln.vasp, Ti3 V2 Cu1, True, True, -44.43436331 eV, /BIGDATA/xbyang_5/jsy/H_T/under6_VTiCu/vasp_tmp_B8TMIA
./str/POSCAR_S_nn112dt_.vasp, Ti2 V2 Cu2, True, True, -40.19161214 eV, /BIGDATA/xbyang_5/jsy/H_T/under6_VTiCu/vasp_tmp_YM6K3C
./str/POSCAR_S_g4vpig4a.vasp, Ti1 V2 Cu3, True, True, -35.56290915 eV, /BIGDATA/xbyang_5/jsy/H_T/under6_VTiCu/vasp_tmp_THB139
./str/POSCAR_S_c6f21oa0.vasp, Ti2 V3 Cu1, True, True, -45.67574342 eV, /BIGDATA/xbyang_5/jsy/H_T/under6_VTiCu/vasp_tmp_IR7VEL
./str/POSCAR_S_hcvjgs3v.vasp, Ti2 V1 Cu1, True, True, -27.88080541 eV, /BIGDATA/xbyang_5/jsy/H_T/under6_VTiCu/vasp_tmp_E5TK6X
./str/POSCAR_S_dznnzny3.vasp, Ti2 V2 Cu2, False, True, -40.45974302 eV, /BIGDATA/xbyang_5/jsy/H_T/under6_VTiCu/vasp_tmp_X0B290
./str/POSCAR_S_1jf7q_h2.vasp, Ti2 V1 Cu3, False, True, -34.97377084 eV, /BIGDATA/xbyang_5/jsy/H_T/under6_VTiCu/vasp_tmp_BQSHB9
./str/POSCAR_S_yblqfsva.vasp, Ti3 V2 Cu1, True, True, -44.44202703 eV, /BIGDATA/xbyang_5/jsy/H_T/under6_VTiCu/vasp_tmp_G3YA5Q
./str/POSCAR_S_spal9mq9.vasp, Ti2 V1 Cu2, True, True, -31.53280347 eV, /BIGDATA/xbyang_5/jsy/H_T/under6_VTiCu/vasp_tmp_ZRNDO8
./str/POSCAR_S_zz4ap39j.vasp, Ti2 V2 Cu2, False, True, -40.60828474 eV, /BIGDATA/xbyang_5/jsy/H_T/under6_VTiCu/vasp_tmp_9JM3N8
./str/POSCAR_S_yljr4zwo.vasp, Ti2 V2 Cu2, True, True, -40.11641187 eV, /BIGDATA/xbyang_5/jsy/H_T/under6_VTiCu/vasp_tmp_57TX84
./str/POSCAR_S_fe1gbp2m.vasp, Ti4 V1 Cu1, False, True, -43.0471716 eV, /BIGDATA/xbyang_5/jsy/H_T/under6_VTiCu/vasp_tmp_OVQOFV
./str/POSCAR_S_nqj2tjwe.vasp, Ti1 V3 Cu2, True, True, -40.77866438 eV, /BIGDATA/xbyang_5/jsy/H_T/under6_VTiCu/vasp_tmp_51CNJT
./str/POSCAR_S_3rkrbnw_.vasp, Ti2 V2 Cu2, True, True, -40.1542048 eV, /BIGDATA/xbyang_5/jsy/H_T/under6_VTiCu/vasp_tmp_GJNRI2
./str/POSCAR_S_23urdek1.vasp, Ti3 V1 Cu2, True, True, -38.90764902 eV, /BIGDATA/xbyang_5/jsy/H_T/under6_VTiCu/vasp_tmp_IZZ5QN
./str/POSCAR_S_77_cktlc.vasp, Ti2 V1 Cu2, True, True, -31.48345237 eV, /BIGDATA/xbyang_5/jsy/H_T/under6_VTiCu/vasp_tmp_B3FXE4
./str/POSCAR_S_nqmbitr3.vasp, Ti1 V3 Cu2, True, True, -41.43264802 eV, /BIGDATA/xbyang_5/jsy/H_T/under6_VTiCu/vasp_tmp_959RRC
./str/POSCAR_S_bkgpbgf9.vasp, Ti2 V2 Cu2, False, True, -40.24240008 eV, /BIGDATA/xbyang_5/jsy/H_T/under6_VTiCu/vasp_tmp_P7UT8U
./str/POSCAR_S_5b_xik6r.vasp, Ti3 V1 Cu2, True, True, -38.82229663 eV, /BIGDATA/xbyang_5/jsy/H_T/under6_VTiCu/vasp_tmp_O9SCPF
./str/POSCAR_S_o4qzuxvi.vasp, Ti3 V1 Cu2, False, True, -39.22686589 eV, /BIGDATA/xbyang_5/jsy/H_T/under6_VTiCu/vasp_tmp_4Y72R5
./str/POSCAR_S_1di4bry8.vasp, Ti3 V1 Cu2, True, True, -39.1911624 eV, /BIGDATA/xbyang_5/jsy/H_T/under6_VTiCu/vasp_tmp_ICEZJO
./str/POSCAR_S_611du7zk.vasp, Ti2 V3 Cu1, False, True, -45.46028365 eV, /BIGDATA/xbyang_5/jsy/H_T/under6_VTiCu/vasp_tmp_J4AVP4
./str/POSCAR_S_7t7l8erc.vasp, Ti2 V2 Cu2, True, True, -40.65797559 eV, /BIGDATA/xbyang_5/jsy/H_T/under6_VTiCu/vasp_tmp_UXLCTK
./str/POSCAR_S_2cqx3gkd.vasp, Ti1 V3 Cu2, True, True, -41.44916566 eV, /BIGDATA/xbyang_5/jsy/H_T/under6_VTiCu/vasp_tmp_EOCPQR
./str/POSCAR_S_8822eo9q.vasp, Ti1 V3 Cu2, True, True, -41.43456315 eV, /BIGDATA/xbyang_5/jsy/H_T/under6_VTiCu/vasp_tmp_X6KJ0N
./str/POSCAR_S_ofoae1_p.vasp, Ti3 V1 Cu2, True, True, -39.11631564 eV, /BIGDATA/xbyang_5/jsy/H_T/under6_VTiCu/vasp_tmp_VQGIR5
./str/POSCAR_S_ljh0bwe9.vasp, Ti2 V2 Cu2, True, True, -40.39702462 eV, /BIGDATA/xbyang_5/jsy/H_T/under6_VTiCu/vasp_tmp_CQ953Q
./str/POSCAR_S_2b28j_t4.vasp, Ti1 V4 Cu1, True, True, -47.064699 eV, /BIGDATA/xbyang_5/jsy/H_T/under6_VTiCu/vasp_tmp_3P77W8
./str/POSCAR_S_q87vc46c.vasp, Ti1 V2 Cu1, True, True, -29.27221829 eV, /BIGDATA/xbyang_5/jsy/H_T/under6_VTiCu/vasp_tmp_QJDXEI
./str/POSCAR_S_h40pqubn.vasp, Ti2 V2 Cu2, True, True, -39.75853987 eV, /BIGDATA/xbyang_5/jsy/H_T/under6_VTiCu/vasp_tmp_E5T3OM
./str/POSCAR_S_c85lwzgs.vasp, Ti1 V4 Cu1, True, True, -46.6244054 eV, /BIGDATA/xbyang_5/jsy/H_T/under6_VTiCu/vasp_tmp_Q5REVU
./str/POSCAR_S_1qddux6b.vasp, Ti2 V2 Cu2, True, True, -39.74756314 eV, /BIGDATA/xbyang_5/jsy/H_T/under6_VTiCu/vasp_tmp_X97NKS
./str/POSCAR_S_zr5r_jiu.vasp, Ti2 V1 Cu1, True, True, -28.00060741 eV, /BIGDATA/xbyang_5/jsy/H_T/under6_VTiCu/vasp_tmp_D1MJ4T
./str/POSCAR_S_4gsgxscm.vasp, Ti3 V2 Cu1, True, True, -44.48417878 eV, /BIGDATA/xbyang_5/jsy/H_T/under6_VTiCu/vasp_tmp_ZFFODE
./str/POSCAR_S_zvaed35e.vasp, Ti1 V2 Cu3, True, True, -35.63447063 eV, /BIGDATA/xbyang_5/jsy/H_T/under6_VTiCu/vasp_tmp_6FXIEW
./str/POSCAR_S_crgf927_.vasp, Ti2 V3 Cu1, True, True, -45.47588173 eV, /BIGDATA/xbyang_5/jsy/H_T/under6_VTiCu/vasp_tmp_0FT5U2
./str/POSCAR_S__3njkrwg.vasp, Ti1 V1 Cu4, True, True, -30.84760756 eV, /BIGDATA/xbyang_5/jsy/H_T/under6_VTiCu/vasp_tmp_7UWLEH
./str/POSCAR_S_h37v7t1c.vasp, Ti1 V2 Cu3, False, True, -36.16219758 eV, /BIGDATA/xbyang_5/jsy/H_T/under6_VTiCu/vasp_tmp_MHEX7Q
./str/POSCAR_S__zjp3kcg.vasp, Ti1 V3 Cu2, True, True, -41.33148377 eV, /BIGDATA/xbyang_5/jsy/H_T/under6_VTiCu/vasp_tmp_GLWIXZ
./str/POSCAR_S_288p0zv8.vasp, Ti3 V1 Cu2, True, True, -39.72745542 eV, /BIGDATA/xbyang_5/jsy/H_T/under6_VTiCu/vasp_tmp_4B0219
./str/POSCAR_S_mfxg984b.vasp, Ti1 V4 Cu1, True, True, -46.86572282 eV, /BIGDATA/xbyang_5/jsy/H_T/under6_VTiCu/vasp_tmp_792GLW
./str/POSCAR_S_wr7pmuh_.vasp, Ti1 V3 Cu2, True, True, -40.62145291 eV, /BIGDATA/xbyang_5/jsy/H_T/under6_VTiCu/vasp_tmp_B1TUNO
./str/POSCAR_S_eqz_7pjx.vasp, Ti2 V2 Cu2, True, True, -40.53422332 eV, /BIGDATA/xbyang_5/jsy/H_T/under6_VTiCu/vasp_tmp_EUN1D9
./str/POSCAR_S_s2pluvx3.vasp, Ti2 V1 Cu3, True, True, -35.29351311 eV, /BIGDATA/xbyang_5/jsy/H_T/under6_VTiCu/vasp_tmp_3T6I0X
./str/POSCAR_S_pscp36az.vasp, Ti2 V2 Cu1, True, True, -36.79056794 eV, /BIGDATA/xbyang_5/jsy/H_T/under6_VTiCu/vasp_tmp_VLMD64
./str/POSCAR_S_bixb77tr.vasp, Ti1 V2 Cu3, True, True, -36.22491057 eV, /BIGDATA/xbyang_5/jsy/H_T/under6_VTiCu/vasp_tmp_BBRBIF
./str/POSCAR_S_5xz4pj1s.vasp, Ti1 V4 Cu1, True, True, -46.68837512 eV, /BIGDATA/xbyang_5/jsy/H_T/under6_VTiCu/vasp_tmp_6LC74W
./str/POSCAR_S_b5sa0287.vasp, Ti3 V1 Cu2, True, True, -38.73462016 eV, /BIGDATA/xbyang_5/jsy/H_T/under6_VTiCu/vasp_tmp_PLA9DP
./str/POSCAR_S_yt6tqzu5.vasp, Ti2 V3 Cu1, True, True, -45.6003452 eV, /BIGDATA/xbyang_5/jsy/H_T/under6_VTiCu/vasp_tmp_L1EYY3
./str/POSCAR_S_xau1a4xo.vasp, Ti1 V2 Cu2, True, True, -32.79247562 eV, /BIGDATA/xbyang_5/jsy/H_T/under6_VTiCu/vasp_tmp_H7QZYH
./str/POSCAR_S_4sqo6xge.vasp, Ti1 V2 Cu3, True, True, -36.25547711 eV, /BIGDATA/xbyang_5/jsy/H_T/under6_VTiCu/vasp_tmp_3Q7NWG
./str/POSCAR_S_qkoao5s8.vasp, Ti1 V3 Cu2, True, True, -41.17753803 eV, /BIGDATA/xbyang_5/jsy/H_T/under6_VTiCu/vasp_tmp_GX4SCO
./str/POSCAR_S_dzq6w38v.vasp, Ti2 V2 Cu2, True, True, -40.31873069 eV, /BIGDATA/xbyang_5/jsy/H_T/under6_VTiCu/vasp_tmp_31M80U
./str/POSCAR_S_s8hve0aj.vasp, Ti2 V2 Cu1, True, True, -36.74930163 eV, /BIGDATA/xbyang_5/jsy/H_T/under6_VTiCu/vasp_tmp_UXZQQ2
./str/POSCAR_S_nt2cnrx2.vasp, Ti1 V2 Cu3, True, True, -36.12293651 eV, /BIGDATA/xbyang_5/jsy/H_T/under6_VTiCu/vasp_tmp_FG82XU
./str/POSCAR_S_8s206rof.vasp, Ti2 V3 Cu1, True, True, -45.46944054 eV, /BIGDATA/xbyang_5/jsy/H_T/under6_VTiCu/vasp_tmp_7PPG3I
./str/POSCAR_S_59ned3u9.vasp, Ti2 V3 Cu1, False, True, -45.63626367 eV, /BIGDATA/xbyang_5/jsy/H_T/under6_VTiCu/vasp_tmp_Y1IB4Y
./str/POSCAR_S_ylrkz7s6.vasp, Ti3 V2 Cu1, True, True, -44.64898588 eV, /BIGDATA/xbyang_5/jsy/H_T/under6_VTiCu/vasp_tmp_NXBZC3
./str/POSCAR_S_snwk57ro.vasp, Ti2 V3 Cu1, True, True, -45.30675254 eV, /BIGDATA/xbyang_5/jsy/H_T/under6_VTiCu/vasp_tmp_TAXV8P
./str/POSCAR_S_vboint2f.vasp, Ti1 V2 Cu2, False, True, -32.23505215 eV, /BIGDATA/xbyang_5/jsy/H_T/under6_VTiCu/vasp_tmp_RD6AT2
./str/POSCAR_S_v53zs_wx.vasp, Ti3 V1 Cu2, True, True, -39.42863523 eV, /BIGDATA/xbyang_5/jsy/H_T/under6_VTiCu/vasp_tmp_FEP3LM
./str/POSCAR_S_mf5laimr.vasp, Ti2 V3 Cu1, True, True, -45.69955519 eV, /BIGDATA/xbyang_5/jsy/H_T/under6_VTiCu/vasp_tmp_BWZEZL
./str/POSCAR_S_55w2jpbj.vasp, Ti2 V1 Cu3, True, True, -35.20230762 eV, /BIGDATA/xbyang_5/jsy/H_T/under6_VTiCu/vasp_tmp_1J25QA
./str/POSCAR_S_p4m4q77q.vasp, Ti2 V3 Cu1, True, True, -45.93419667 eV, /BIGDATA/xbyang_5/jsy/H_T/under6_VTiCu/vasp_tmp_RYXN44
./str/POSCAR_S_4hvbyxow.vasp, Ti1 V2 Cu3, True, True, -35.74963908 eV, /BIGDATA/xbyang_5/jsy/H_T/under6_VTiCu/vasp_tmp_X25QJ6
./str/POSCAR_S_27kjk6jt.vasp, Ti2 V1 Cu3, True, True, -35.1004491 eV, /BIGDATA/xbyang_5/jsy/H_T/under6_VTiCu/vasp_tmp_JKYUVO
./str/POSCAR_S_tnan39ol.vasp, Ti1 V2 Cu3, True, True, -35.59369495 eV, /BIGDATA/xbyang_5/jsy/H_T/under6_VTiCu/vasp_tmp_JFVMU6
./str/POSCAR_S_nvbeaviy.vasp, Ti1 V3 Cu2, True, True, -41.42846592 eV, /BIGDATA/xbyang_5/jsy/H_T/under6_VTiCu/vasp_tmp_FQ6HJ6
./str/POSCAR_S_n87bh02c.vasp, Ti1 V2 Cu3, True, True, -36.22681163 eV, /BIGDATA/xbyang_5/jsy/H_T/under6_VTiCu/vasp_tmp_6ABVJL
./str/POSCAR_S_3v4mwflb.vasp, Ti1 V1 Cu4, True, True, -30.25204796 eV, /BIGDATA/xbyang_5/jsy/H_T/under6_VTiCu/vasp_tmp_R1AE9W
./str/POSCAR_S_n5incdgz.vasp, Ti2 V2 Cu2, False, True, -40.02109425 eV, /BIGDATA/xbyang_5/jsy/H_T/under6_VTiCu/vasp_tmp_P34FZH
./str/POSCAR_S_yxe75y6m.vasp, Ti3 V1 Cu2, True, True, -39.30976015 eV, /BIGDATA/xbyang_5/jsy/H_T/under6_VTiCu/vasp_tmp_IX08B0
./str/POSCAR_S_xfj050y5.vasp, Ti2 V1 Cu3, True, True, -35.32402273 eV, /BIGDATA/xbyang_5/jsy/H_T/under6_VTiCu/vasp_tmp_2VKEZ1
./str/POSCAR_S_4w4tgl8u.vasp, Ti1 V2 Cu1, True, True, -28.96624483 eV, /BIGDATA/xbyang_5/jsy/H_T/under6_VTiCu/vasp_tmp_T9Y8M6
./str/POSCAR_S_ltgimrba.vasp, Ti4 V1 Cu1, False, True, -43.06435432 eV, /BIGDATA/xbyang_5/jsy/H_T/under6_VTiCu/vasp_tmp_YKXBG0
./str/POSCAR_S_c25fx5j5.vasp, Ti3 V2 Cu1, True, True, -44.93812601 eV, /BIGDATA/xbyang_5/jsy/H_T/under6_VTiCu/vasp_tmp_1QBQU0
./str/POSCAR_S_7l2begsi.vasp, Ti1 V1 Cu4, True, True, -31.0136826 eV, /BIGDATA/xbyang_5/jsy/H_T/under6_VTiCu/vasp_tmp_BHN0E5
./str/POSCAR_S_qd38c_gb.vasp, Ti1 V3 Cu2, True, True, -40.60490861 eV, /BIGDATA/xbyang_5/jsy/H_T/under6_VTiCu/vasp_tmp_BXCQE5
./str/POSCAR_S_fla93nzj.vasp, Ti1 V2 Cu3, True, True, -35.51965951 eV, /BIGDATA/xbyang_5/jsy/H_T/under6_VTiCu/vasp_tmp_9AWXWG
./str/POSCAR_S_hj0850zm.vasp, Ti1 V2 Cu2, False, True, -32.83297962 eV, /BIGDATA/xbyang_5/jsy/H_T/under6_VTiCu/vasp_tmp_YJHMQ4
./str/POSCAR_S_bqu4lzxo.vasp, Ti1 V1 Cu2, True, True, -24.02251303 eV, /BIGDATA/xbyang_5/jsy/H_T/under6_VTiCu/vasp_tmp_CPU6DE
./str/POSCAR_S_da3sul0e.vasp, Ti2 V1 Cu2, True, True, -31.40640988 eV, /BIGDATA/xbyang_5/jsy/H_T/under6_VTiCu/vasp_tmp_GNKDN6
./str/POSCAR_S_gd0l3urz.vasp, Ti1 V2 Cu3, True, True, -35.56493233 eV, /BIGDATA/xbyang_5/jsy/H_T/under6_VTiCu/vasp_tmp_4Q8NFL
./str/POSCAR_S_z3dkw697.vasp, Ti2 V2 Cu2, True, True, -39.78913009 eV, /BIGDATA/xbyang_5/jsy/H_T/under6_VTiCu/vasp_tmp_U2IQT8
./str/POSCAR_S_djwsuc9c.vasp, Ti1 V1 Cu2, True, True, -23.71472321 eV, /BIGDATA/xbyang_5/jsy/H_T/under6_VTiCu/vasp_tmp_4OONV3
./str/POSCAR_S_28jp17b7.vasp, Ti2 V3 Cu1, True, True, -45.77811596 eV, /BIGDATA/xbyang_5/jsy/H_T/under6_VTiCu/vasp_tmp_FD50FS
./str/POSCAR_S_0v754jc_.vasp, Ti1 V3 Cu2, True, True, -41.36643243 eV, /BIGDATA/xbyang_5/jsy/H_T/under6_VTiCu/vasp_tmp_IA4WSN
./str/POSCAR_S_8t5980ne.vasp, Ti1 V1 Cu4, True, True, -31.10859033 eV, /BIGDATA/xbyang_5/jsy/H_T/under6_VTiCu/vasp_tmp_IBLI30
./str/POSCAR_S_nwpndwem.vasp, Ti2 V2 Cu2, True, True, -40.29989711 eV, /BIGDATA/xbyang_5/jsy/H_T/under6_VTiCu/vasp_tmp_NMG0ZR
./str/POSCAR_S_2xf9umg8.vasp, Ti4 V1 Cu1, False, True, -43.45823348 eV, /BIGDATA/xbyang_5/jsy/H_T/under6_VTiCu/vasp_tmp_7XI7VW
./str/POSCAR_S_w1_vaw0k.vasp, Ti1 V4 Cu1, True, True, -46.91567899 eV, /BIGDATA/xbyang_5/jsy/H_T/under6_VTiCu/vasp_tmp_J41C3Y
./str/POSCAR_S_uwd41rwv.vasp, Ti1 V2 Cu2, True, True, -32.38958108 eV, /BIGDATA/xbyang_5/jsy/H_T/under6_VTiCu/vasp_tmp_I8HANT
./str/POSCAR_S_3kecvt_r.vasp, Ti1 V3 Cu2, True, True, -41.11399674 eV, /BIGDATA/xbyang_5/jsy/H_T/under6_VTiCu/vasp_tmp_VA6J0C
./str/POSCAR_S_39lvfdew.vasp, Ti1 V1 Cu4, True, True, -30.98467965 eV, /BIGDATA/xbyang_5/jsy/H_T/under6_VTiCu/vasp_tmp_92AZLE
./str/POSCAR_S_xfxb2jfk.vasp, Ti2 V3 Cu1, True, True, -45.68797212 eV, /BIGDATA/xbyang_5/jsy/H_T/under6_VTiCu/vasp_tmp_JM281Q
./str/POSCAR_S_aergeq7n.vasp, Ti2 V1 Cu2, True, True, -31.58225364 eV, /BIGDATA/xbyang_5/jsy/H_T/under6_VTiCu/vasp_tmp_DFAZNG
./str/POSCAR_S_nki1_b0j.vasp, Ti4 V1 Cu1, True, True, -43.04594598 eV, /BIGDATA/xbyang_5/jsy/H_T/under6_VTiCu/vasp_tmp_XFUWRB
./str/POSCAR_S_hh60dfpe.vasp, Ti3 V2 Cu1, True, True, -44.81198749 eV, /BIGDATA/xbyang_5/jsy/H_T/under6_VTiCu/vasp_tmp_3KHSZE
./str/POSCAR_S_j7449uyg.vasp, Ti2 V2 Cu2, True, True, -40.36485419 eV, /BIGDATA/xbyang_5/jsy/H_T/under6_VTiCu/vasp_tmp_MYIE65
./str/POSCAR_S_6pnlmf8z.vasp, Ti4 V1 Cu1, True, True, -43.44406281 eV, /BIGDATA/xbyang_5/jsy/H_T/under6_VTiCu/vasp_tmp_HTPBRG
./str/POSCAR_S_6v1vt3n2.vasp, Ti1 V2 Cu3, True, True, -35.84133202 eV, /BIGDATA/xbyang_5/jsy/H_T/under6_VTiCu/vasp_tmp_3JHFKX
./str/POSCAR_S_2sxk13m9.vasp, Ti2 V3 Cu1, False, True, -45.32402639 eV, /BIGDATA/xbyang_5/jsy/H_T/under6_VTiCu/vasp_tmp_AFJFZM
./str/POSCAR_S_gg3n4rw_.vasp, Ti2 V2 Cu2, True, True, -39.92541856 eV, /BIGDATA/xbyang_5/jsy/H_T/under6_VTiCu/vasp_tmp_ARDADR
./str/POSCAR_S_f876i0ts.vasp, Ti2 V3 Cu1, True, True, -45.56596215 eV, /BIGDATA/xbyang_5/jsy/H_T/under6_VTiCu/vasp_tmp_J7N5AA
./str/POSCAR_S_afszuhcn.vasp, Ti1 V4 Cu1, True, True, -46.63214337 eV, /BIGDATA/xbyang_5/jsy/H_T/under6_VTiCu/vasp_tmp_DPJHZ2
./str/POSCAR_S_lbub2j1h.vasp, Ti2 V2 Cu2, True, True, -40.05075921 eV, /BIGDATA/xbyang_5/jsy/H_T/under6_VTiCu/vasp_tmp_PB60MF
./str/POSCAR_S_wl8gv4k1.vasp, Ti2 V3 Cu1, True, True, -45.48520977 eV, /BIGDATA/xbyang_5/jsy/H_T/under6_VTiCu/vasp_tmp_5TDJVD
./str/POSCAR_S_yxu2unht.vasp, Ti1 V3 Cu2, True, True, -41.29349978 eV, /BIGDATA/xbyang_5/jsy/H_T/under6_VTiCu/vasp_tmp_LBQEUF
./str/POSCAR_S_6st3p2jk.vasp, Ti3 V1 Cu2, True, True, -39.63161317 eV, /BIGDATA/xbyang_5/jsy/H_T/under6_VTiCu/vasp_tmp_3O04N5
./str/POSCAR_S_apwmr7j7.vasp, Ti1 V1 Cu4, False, True, -31.04403773 eV, /BIGDATA/xbyang_5/jsy/H_T/under6_VTiCu/vasp_tmp_UVCERG
./str/POSCAR_S_ibry3vx0.vasp, Ti2 V1 Cu3, True, True, -34.80249101 eV, /BIGDATA/xbyang_5/jsy/H_T/under6_VTiCu/vasp_tmp_V502PI
./str/POSCAR_S_icusa44u.vasp, Ti2 V2 Cu2, True, True, -40.29200091 eV, /BIGDATA/xbyang_5/jsy/H_T/under6_VTiCu/vasp_tmp_SVX8T1
./str/POSCAR_S_ywa6_38h.vasp, Ti3 V2 Cu1, True, True, -44.3554513 eV, /BIGDATA/xbyang_5/jsy/H_T/under6_VTiCu/vasp_tmp_PCAKJB
./str/POSCAR_S_5lcxubx1.vasp, Ti2 V1 Cu2, False, True, -31.06708471 eV, /BIGDATA/xbyang_5/jsy/H_T/under6_VTiCu/vasp_tmp_OPOL5E
./str/POSCAR_S_eap_y1q5.vasp, Ti4 V1 Cu1, False, True, -43.17276573 eV, /BIGDATA/xbyang_5/jsy/H_T/under6_VTiCu/vasp_tmp_IWYTU1
./str/POSCAR_S_qnsnhs2s.vasp, Ti1 V2 Cu3, True, True, -36.00356786 eV, /BIGDATA/xbyang_5/jsy/H_T/under6_VTiCu/vasp_tmp_6XXV1T
./str/POSCAR_S_z52sxc1i.vasp, Ti2 V1 Cu3, False, True, -35.07487233 eV, /BIGDATA/xbyang_5/jsy/H_T/under6_VTiCu/vasp_tmp_3Y1RH5
./str/POSCAR_S_6ym6g5uu.vasp, Ti2 V3 Cu1, True, True, -45.55240846 eV, /BIGDATA/xbyang_5/jsy/H_T/under6_VTiCu/vasp_tmp_P6I69V
./str/POSCAR_S_02h_amsa.vasp, Ti2 V2 Cu2, True, True, -40.44386812 eV, /BIGDATA/xbyang_5/jsy/H_T/under6_VTiCu/vasp_tmp_TM3MMF
./str/POSCAR_S_7zbm_oos.vasp, Ti3 V1 Cu2, True, True, -39.15647572 eV, /BIGDATA/xbyang_5/jsy/H_T/under6_VTiCu/vasp_tmp_SHKQ2M
./str/POSCAR_S_4nhq78xk.vasp, Ti4 V1 Cu1, True, True, -43.34483353 eV, /BIGDATA/xbyang_5/jsy/H_T/under6_VTiCu/vasp_tmp_MKX5QP
./str/POSCAR_S_8sga6rnf.vasp, Ti1 V2 Cu3, True, True, -36.18195641 eV, /BIGDATA/xbyang_5/jsy/H_T/under6_VTiCu/vasp_tmp_O5415O
./str/POSCAR_S_5nq3h4zy.vasp, Ti2 V2 Cu2, False, True, -40.14174182 eV, /BIGDATA/xbyang_5/jsy/H_T/under6_VTiCu/vasp_tmp_DHKEEI
./str/POSCAR_S_h94w96_7.vasp, Ti1 V3 Cu2, True, True, -41.19474452 eV, /BIGDATA/xbyang_5/jsy/H_T/under6_VTiCu/vasp_tmp_98M63K
./str/POSCAR_S_6xy55jkh.vasp, Ti1 V1 Cu4, False, True, -30.72079768 eV, /BIGDATA/xbyang_5/jsy/H_T/under6_VTiCu/vasp_tmp_8N2JFS
./str/POSCAR_S_7_j36qoa.vasp, Ti3 V1 Cu1, True, True, -35.63228679 eV, /BIGDATA/xbyang_5/jsy/H_T/under6_VTiCu/vasp_tmp_PEZ6E5
./str/POSCAR_S_2ynisk9k.vasp, Ti2 V3 Cu1, True, True, -45.66133483 eV, /BIGDATA/xbyang_5/jsy/H_T/under6_VTiCu/vasp_tmp_V0S2BC
./str/POSCAR_S_mtai5o2e.vasp, Ti3 V1 Cu1, True, True, -35.96903114 eV, /BIGDATA/xbyang_5/jsy/H_T/under6_VTiCu/vasp_tmp_0U1F0S
./str/POSCAR_S_21kjj871.vasp, Ti2 V3 Cu1, True, True, -45.77245643 eV, /BIGDATA/xbyang_5/jsy/H_T/under6_VTiCu/vasp_tmp_H0KIRI
./str/POSCAR_S_8n6uikro.vasp, Ti2 V2 Cu2, True, True, -40.25435719 eV, /BIGDATA/xbyang_5/jsy/H_T/under6_VTiCu/vasp_tmp_HBFO63
./str/POSCAR_S_4og6viwi.vasp, Ti2 V2 Cu1, True, True, -36.67943667 eV, /BIGDATA/xbyang_5/jsy/H_T/under6_VTiCu/vasp_tmp_E5J3FE
./str/POSCAR_S_h7etl2y5.vasp, Ti2 V1 Cu3, True, True, -34.99457242 eV, /BIGDATA/xbyang_5/jsy/H_T/under6_VTiCu/vasp_tmp_6FA6KG
./str/POSCAR_S_an4zro71.vasp, Ti2 V2 Cu1, True, True, -36.29342294 eV, /BIGDATA/xbyang_5/jsy/H_T/under6_VTiCu/vasp_tmp_9VJM7Y
./str/POSCAR_S_p7926_ic.vasp, Ti2 V3 Cu1, True, True, -45.46461781 eV, /BIGDATA/xbyang_5/jsy/H_T/under6_VTiCu/vasp_tmp_PZPPUQ
./str/POSCAR_S_ubuudgxi.vasp, Ti1 V2 Cu3, True, True, -36.10096898 eV, /BIGDATA/xbyang_5/jsy/H_T/under6_VTiCu/vasp_tmp_VWVX4O
./str/POSCAR_S_u1_pn574.vasp, Ti2 V1 Cu3, True, True, -34.89245001 eV, /BIGDATA/xbyang_5/jsy/H_T/under6_VTiCu/vasp_tmp_KRGZ4X
./str/POSCAR_S_pbx13elk.vasp, Ti1 V1 Cu1, True, True, -20.1921621 eV, /BIGDATA/xbyang_5/jsy/H_T/under6_VTiCu/vasp_tmp_VKH4QP
./str/POSCAR_S_2yolgngj.vasp, Ti1 V1 Cu3, True, True, -27.34669447 eV, /BIGDATA/xbyang_5/jsy/H_T/under6_VTiCu/vasp_tmp_EKBA0K
./str/POSCAR_S_shksty3e.vasp, Ti2 V2 Cu2, True, True, -39.60609369 eV, /BIGDATA/xbyang_5/jsy/H_T/under6_VTiCu/vasp_tmp_DOVRSB
./str/POSCAR_S_ghpq9aq_.vasp, Ti2 V2 Cu2, False, True, -39.68680782 eV, /BIGDATA/xbyang_5/jsy/H_T/under6_VTiCu/vasp_tmp_R7VVXL
./str/POSCAR_S_uc03mk5c.vasp, Ti1 V4 Cu1, True, True, -46.57518484 eV, /BIGDATA/xbyang_5/jsy/H_T/under6_VTiCu/vasp_tmp_XXAYWL
./str/POSCAR_S_i1_zg6w5.vasp, Ti1 V3 Cu2, True, True, -41.63417889 eV, /BIGDATA/xbyang_5/jsy/H_T/under6_VTiCu/vasp_tmp_7G0CCR
./str/POSCAR_S_hq9sjyd9.vasp, Ti3 V2 Cu1, True, True, -44.37007904 eV, /BIGDATA/xbyang_5/jsy/H_T/under6_VTiCu/vasp_tmp_UEA2JK
./str/POSCAR_S_vn3chvsk.vasp, Ti2 V2 Cu2, True, True, -40.48348382 eV, /BIGDATA/xbyang_5/jsy/H_T/under6_VTiCu/vasp_tmp_KVD2LQ
./str/POSCAR_S_t9zgzqg1.vasp, Ti3 V1 Cu2, True, True, -39.34238849 eV, /BIGDATA/xbyang_5/jsy/H_T/under6_VTiCu/vasp_tmp_VFQ64R
./str/POSCAR_S_mm_wy246.vasp, Ti2 V2 Cu2, True, True, -39.9872321 eV, /BIGDATA/xbyang_5/jsy/H_T/under6_VTiCu/vasp_tmp_3KS6BM
./str/POSCAR_S_34xj3mjt.vasp, Ti1 V1 Cu4, True, True, -30.92306426 eV, /BIGDATA/xbyang_5/jsy/H_T/under6_VTiCu/vasp_tmp_I44SQQ
./str/POSCAR_S_afu2htfu.vasp, Ti3 V1 Cu2, True, True, -38.92776789 eV, /BIGDATA/xbyang_5/jsy/H_T/under6_VTiCu/vasp_tmp_C0N6SH
./str/POSCAR_S_oib9odtk.vasp, Ti3 V1 Cu1, True, True, -35.47635097 eV, /BIGDATA/xbyang_5/jsy/H_T/under6_VTiCu/vasp_tmp_HM403S
./str/POSCAR_S_ir6roki3.vasp, Ti1 V3 Cu2, False, True, -41.56052368 eV, /BIGDATA/xbyang_5/jsy/H_T/under6_VTiCu/vasp_tmp_LRLH18
./str/POSCAR_S_sk23fr4d.vasp, Ti1 V3 Cu2, True, True, -40.52067998 eV, /BIGDATA/xbyang_5/jsy/H_T/under6_VTiCu/vasp_tmp_HQHI90
./str/POSCAR_S_ac9j_ec7.vasp, Ti1 V1 Cu2, True, True, -23.70896408 eV, /BIGDATA/xbyang_5/jsy/H_T/under6_VTiCu/vasp_tmp_0JCLS2
./str/POSCAR_S_dsoanfsk.vasp, Ti2 V3 Cu1, True, True, -45.58599921 eV, /BIGDATA/xbyang_5/jsy/H_T/under6_VTiCu/vasp_tmp_541RKW
./str/POSCAR_S_htbuyf7r.vasp, Ti1 V3 Cu2, True, True, -42.15730644 eV, /BIGDATA/xbyang_5/jsy/H_T/under6_VTiCu/vasp_tmp_MCVV9I
./str/POSCAR_S_rorjala6.vasp, Ti4 V1 Cu1, True, True, -43.30893993 eV, /BIGDATA/xbyang_5/jsy/H_T/under6_VTiCu/vasp_tmp_THB7OX
./str/POSCAR_S_udgnea22.vasp, Ti2 V1 Cu3, True, True, -35.07617797 eV, /BIGDATA/xbyang_5/jsy/H_T/under6_VTiCu/vasp_tmp_LZEGU9
./str/POSCAR_S_bl13v2g1.vasp, Ti1 V1 Cu4, True, True, -30.97078542 eV, /BIGDATA/xbyang_5/jsy/H_T/under6_VTiCu/vasp_tmp_A0J6NZ
./str/POSCAR_S_fyefl920.vasp, Ti3 V2 Cu1, True, True, -44.32783368 eV, /BIGDATA/xbyang_5/jsy/H_T/under6_VTiCu/vasp_tmp_U02GXP
./str/POSCAR_S_5wfajnmf.vasp, Ti2 V1 Cu2, True, True, -31.70871558 eV, /BIGDATA/xbyang_5/jsy/H_T/under6_VTiCu/vasp_tmp_4K5SPC
./str/POSCAR_S_w2yjxh13.vasp, Ti1 V3 Cu1, True, True, -37.71128539 eV, /BIGDATA/xbyang_5/jsy/H_T/under6_VTiCu/vasp_tmp_ZUHZ5N
./str/POSCAR_S_u4je178g.vasp, Ti3 V1 Cu2, True, True, -39.08498956 eV, /BIGDATA/xbyang_5/jsy/H_T/under6_VTiCu/vasp_tmp_FRA76D
./str/POSCAR_S_y86oow4d.vasp, Ti1 V2 Cu3, True, True, -36.16607792 eV, /BIGDATA/xbyang_5/jsy/H_T/under6_VTiCu/vasp_tmp_94EVHR
./str/POSCAR_S_4ce1h0b5.vasp, Ti1 V3 Cu1, True, True, -37.71622833 eV, /BIGDATA/xbyang_5/jsy/H_T/under6_VTiCu/vasp_tmp_5HSUHG
./str/POSCAR_S_f8915ocg.vasp, Ti4 V1 Cu1, True, True, -43.19864431 eV, /BIGDATA/xbyang_5/jsy/H_T/under6_VTiCu/vasp_tmp_FLHAJ5
./str/POSCAR_S_2ytkku1h.vasp, Ti3 V1 Cu2, True, True, -38.98000565 eV, /BIGDATA/xbyang_5/jsy/H_T/under6_VTiCu/vasp_tmp_Z2SC3L
./str/POSCAR_S_qvms83d4.vasp, Ti1 V3 Cu2, True, True, -41.14654276 eV, /BIGDATA/xbyang_5/jsy/H_T/under6_VTiCu/vasp_tmp_Y9A4JC
./str/POSCAR_S_kl_kkr59.vasp, Ti2 V2 Cu2, True, True, -39.69915312 eV, /BIGDATA/xbyang_5/jsy/H_T/under6_VTiCu/vasp_tmp_5KG7JT
./str/POSCAR_S_4mgmity1.vasp, Ti1 V1 Cu4, False, True, -31.53420492 eV, /BIGDATA/xbyang_5/jsy/H_T/under6_VTiCu/vasp_tmp_YX0DKT
./str/POSCAR_S_do02f2k0.vasp, Ti1 V1 Cu2, True, True, -23.51026309 eV, /BIGDATA/xbyang_5/jsy/H_T/under6_VTiCu/vasp_tmp_JT0ANW
./str/POSCAR_S_40k1vg4k.vasp, Ti1 V1 Cu2, True, True, -23.63945584 eV, /BIGDATA/xbyang_5/jsy/H_T/under6_VTiCu/vasp_tmp_NUWTZT
./str/POSCAR_S_vrwny0s_.vasp, Ti3 V2 Cu1, True, True, -44.50017882 eV, /BIGDATA/xbyang_5/jsy/H_T/under6_VTiCu/vasp_tmp_S4K2AQ
./str/POSCAR_S_gn6efd6q.vasp, Ti4 V1 Cu1, False, True, -43.24672373 eV, /BIGDATA/xbyang_5/jsy/H_T/under6_VTiCu/vasp_tmp_8NFWLF
./str/POSCAR_S_tdbt0l4_.vasp, Ti1 V4 Cu1, True, True, -46.70507326 eV, /BIGDATA/xbyang_5/jsy/H_T/under6_VTiCu/vasp_tmp_28Z935
./str/POSCAR_S_2xtgnilz.vasp, Ti2 V1 Cu3, True, True, -35.36543511 eV, /BIGDATA/xbyang_5/jsy/H_T/under6_VTiCu/vasp_tmp_EBZNKZ
./str/POSCAR_S_c759idq7.vasp, Ti1 V2 Cu3, True, True, -36.11328663 eV, /BIGDATA/xbyang_5/jsy/H_T/under6_VTiCu/vasp_tmp_P5EG9C
./str/POSCAR_S_k6v0kze0.vasp, Ti2 V2 Cu2, True, True, -40.63158893 eV, /BIGDATA/xbyang_5/jsy/H_T/under6_VTiCu/vasp_tmp_IEFR7F
./str/POSCAR_S_yy58vbo9.vasp, Ti1 V4 Cu1, True, True, -46.71662218 eV, /BIGDATA/xbyang_5/jsy/H_T/under6_VTiCu/vasp_tmp_25HH90
./str/POSCAR_S_t33c_qxd.vasp, Ti1 V3 Cu1, True, True, -38.08249082 eV, /BIGDATA/xbyang_5/jsy/H_T/under6_VTiCu/vasp_tmp_1K4QBJ
./str/POSCAR_S_pk_0mr30.vasp, Ti4 V1 Cu1, True, True, -43.294092 eV, /BIGDATA/xbyang_5/jsy/H_T/under6_VTiCu/vasp_tmp_Q6HHDX
./str/POSCAR_S_6vi5uarl.vasp, Ti1 V1 Cu3, False, True, -27.5258923 eV, /BIGDATA/xbyang_5/jsy/H_T/under6_VTiCu/vasp_tmp_3W91FP
./str/POSCAR_S_yke7fetx.vasp, Ti1 V4 Cu1, True, True, -46.30939682 eV, /BIGDATA/xbyang_5/jsy/H_T/under6_VTiCu/vasp_tmp_68ZSXH
./str/POSCAR_S__b96b_gs.vasp, Ti1 V2 Cu3, False, True, -35.76014757 eV, /BIGDATA/xbyang_5/jsy/H_T/under6_VTiCu/vasp_tmp_EIMPPS
./str/POSCAR_S_dbaq2ndy.vasp, Ti2 V1 Cu3, True, True, -35.21450788 eV, /BIGDATA/xbyang_5/jsy/H_T/under6_VTiCu/vasp_tmp_MOHJTE
./str/POSCAR_S_irmy645_.vasp, Ti1 V2 Cu3, True, True, -36.09612503 eV, /BIGDATA/xbyang_5/jsy/H_T/under6_VTiCu/vasp_tmp_H5VZ8C
./str/POSCAR_S_dc1lrlhl.vasp, Ti4 V1 Cu1, True, True, -43.21622975 eV, /BIGDATA/xbyang_5/jsy/H_T/under6_VTiCu/vasp_tmp_TFSJCI
./str/POSCAR_S_248kq0p1.vasp, Ti3 V1 Cu2, True, True, -39.24886305 eV, /BIGDATA/xbyang_5/jsy/H_T/under6_VTiCu/vasp_tmp_3NVS9Z
./str/POSCAR_S_e7b72wf1.vasp, Ti2 V3 Cu1, True, True, -45.76319356 eV, /BIGDATA/xbyang_5/jsy/H_T/under6_VTiCu/vasp_tmp_70AQR3
./str/POSCAR_S_pz3psbda.vasp, Ti1 V3 Cu2, True, True, -40.72956457 eV, /BIGDATA/xbyang_5/jsy/H_T/under6_VTiCu/vasp_tmp_Y88TZL
./str/POSCAR_S_xf655k3h.vasp, Ti3 V2 Cu1, True, True, -44.33312932 eV, /BIGDATA/xbyang_5/jsy/H_T/under6_VTiCu/vasp_tmp_3Z1IR2
./str/POSCAR_S_fv0amupj.vasp, Ti3 V1 Cu2, True, True, -39.85929054 eV, /BIGDATA/xbyang_5/jsy/H_T/under6_VTiCu/vasp_tmp_LZCIBT
./str/POSCAR_S_alo4s0bz.vasp, Ti1 V2 Cu3, True, True, -36.27370567 eV, /BIGDATA/xbyang_5/jsy/H_T/under6_VTiCu/vasp_tmp_ZAHYQI
./str/POSCAR_S_qt4vonp8.vasp, Ti2 V1 Cu1, True, True, -27.73492548 eV, /BIGDATA/xbyang_5/jsy/H_T/under6_VTiCu/vasp_tmp_8B8Q2W
./str/POSCAR_S_heqv5y5s.vasp, Ti2 V1 Cu2, False, True, -31.51915431 eV, /BIGDATA/xbyang_5/jsy/H_T/under6_VTiCu/vasp_tmp_SSXKGV
./str/POSCAR_S_amphs2br.vasp, Ti1 V1 Cu2, True, True, -23.70863276 eV, /BIGDATA/xbyang_5/jsy/H_T/under6_VTiCu/vasp_tmp_EU3M3B
./str/POSCAR_S_sssk2f6f.vasp, Ti1 V2 Cu3, True, True, -35.49399727 eV, /BIGDATA/xbyang_5/jsy/H_T/under6_VTiCu/vasp_tmp_CRNWED
./str/POSCAR_S_97nloe_q.vasp, Ti2 V1 Cu1, True, True, -27.64699689 eV, /BIGDATA/xbyang_5/jsy/H_T/under6_VTiCu/vasp_tmp_ITBPFG
./str/POSCAR_S_ks41lwcf.vasp, Ti1 V3 Cu2, True, True, -41.53563817 eV, /BIGDATA/xbyang_5/jsy/H_T/under6_VTiCu/vasp_tmp_FUB3GJ
./str/POSCAR_S_9zyh60nl.vasp, Ti2 V2 Cu2, True, True, -40.27052327 eV, /BIGDATA/xbyang_5/jsy/H_T/under6_VTiCu/vasp_tmp_9GDO07
./str/POSCAR_S_9jk_vhjk.vasp, Ti3 V2 Cu1, False, True, -44.59188239 eV, /BIGDATA/xbyang_5/jsy/H_T/under6_VTiCu/vasp_tmp_84U4EF
./str/POSCAR_S_ubm_p5cs.vasp, Ti1 V2 Cu1, True, True, -28.90773365 eV, /BIGDATA/xbyang_5/jsy/H_T/under6_VTiCu/vasp_tmp_DHEN9E
./str/POSCAR_S_rd9397an.vasp, Ti4 V1 Cu1, False, True, -43.00849469 eV, /BIGDATA/xbyang_5/jsy/H_T/under6_VTiCu/vasp_tmp_IQ7YWS
./str/POSCAR_S_bzgaw2pi.vasp, Ti2 V2 Cu2, False, True, -40.04576771 eV, /BIGDATA/xbyang_5/jsy/H_T/under6_VTiCu/vasp_tmp_B18CBZ
./str/POSCAR_S_7pazgug8.vasp, Ti2 V3 Cu1, True, True, -45.51019609 eV, /BIGDATA/xbyang_5/jsy/H_T/under6_VTiCu/vasp_tmp_BFDK00
./str/POSCAR_S_e5lgqkem.vasp, Ti3 V1 Cu2, True, True, -39.5367437 eV, /BIGDATA/xbyang_5/jsy/H_T/under6_VTiCu/vasp_tmp_7EBZ1C
./str/POSCAR_S_ojr7dw2y.vasp, Ti2 V1 Cu3, False, True, -35.19051738 eV, /BIGDATA/xbyang_5/jsy/H_T/under6_VTiCu/vasp_tmp_FX5YCE
./str/POSCAR_S_uav06zzm.vasp, Ti1 V1 Cu4, True, True, -31.14243284 eV, /BIGDATA/xbyang_5/jsy/H_T/under6_VTiCu/vasp_tmp_YN1OTQ
./str/POSCAR_S_dy8yi9f2.vasp, Ti2 V1 Cu1, True, True, -28.28829711 eV, /BIGDATA/xbyang_5/jsy/H_T/under6_VTiCu/vasp_tmp_79A4BB
./str/POSCAR_S_xqrfiu4q.vasp, Ti3 V1 Cu2, True, True, -38.64389193 eV, /BIGDATA/xbyang_5/jsy/H_T/under6_VTiCu/vasp_tmp_5Q67X9
./str/POSCAR_S_cwzd7a8s.vasp, Ti1 V3 Cu2, True, True, -40.88697152 eV, /BIGDATA/xbyang_5/jsy/H_T/under6_VTiCu/vasp_tmp_3P5CBG
./str/POSCAR_S_7bo23alz.vasp, Ti1 V1 Cu4, True, True, -30.82360152 eV, /BIGDATA/xbyang_5/jsy/H_T/under6_VTiCu/vasp_tmp_OWGUK3
./str/POSCAR_S_71pfamab.vasp, Ti2 V3 Cu1, True, True, -46.28750255 eV, /BIGDATA/xbyang_5/jsy/H_T/under6_VTiCu/vasp_tmp_EDZ2D4
./str/POSCAR_S_x1ax6adl.vasp, Ti3 V2 Cu1, True, True, -44.36867819 eV, /BIGDATA/xbyang_5/jsy/H_T/under6_VTiCu/vasp_tmp_L1KLCW
./str/POSCAR_S_ol2q91xe.vasp, Ti3 V1 Cu2, True, True, -39.20982551 eV, /BIGDATA/xbyang_5/jsy/H_T/under6_VTiCu/vasp_tmp_Z229PB
./str/POSCAR_S_nyjzoggs.vasp, Ti2 V2 Cu2, True, True, -40.14276169 eV, /BIGDATA/xbyang_5/jsy/H_T/under6_VTiCu/vasp_tmp_VWRING
./str/POSCAR_S_1ruujrqq.vasp, Ti2 V1 Cu3, True, True, -35.28544633 eV, /BIGDATA/xbyang_5/jsy/H_T/under6_VTiCu/vasp_tmp_5T8XSO
./str/POSCAR_S_i766u_67.vasp, Ti1 V3 Cu2, True, True, -41.20586171 eV, /BIGDATA/xbyang_5/jsy/H_T/under6_VTiCu/vasp_tmp_YBW0NE
./str/POSCAR_S_28_2iipg.vasp, Ti3 V2 Cu1, True, True, -44.57250947 eV, /BIGDATA/xbyang_5/jsy/H_T/under6_VTiCu/vasp_tmp_Z49HVM
./str/POSCAR_S_5ypoysof.vasp, Ti2 V1 Cu2, True, True, -31.67653905 eV, /BIGDATA/xbyang_5/jsy/H_T/under6_VTiCu/vasp_tmp_5OKYJ8
./str/POSCAR_S_gp8x6vag.vasp, Ti1 V1 Cu3, True, True, -27.10977433 eV, /BIGDATA/xbyang_5/jsy/H_T/under6_VTiCu/vasp_tmp_94OJ4M
./str/POSCAR_S_1y2b8sw2.vasp, Ti2 V2 Cu2, True, True, -39.94435553 eV, /BIGDATA/xbyang_5/jsy/H_T/under6_VTiCu/vasp_tmp_3G387X
./str/POSCAR_S_vvvpi0iy.vasp, Ti3 V1 Cu2, False, True, -39.32342556 eV, /BIGDATA/xbyang_5/jsy/H_T/under6_VTiCu/vasp_tmp_72ONSZ
./str/POSCAR_S_52y_5teg.vasp, Ti1 V4 Cu1, True, True, -46.7485266 eV, /BIGDATA/xbyang_5/jsy/H_T/under6_VTiCu/vasp_tmp_F3AW4S
./str/POSCAR_S_6kasq0ru.vasp, Ti2 V3 Cu1, True, True, -45.68030097 eV, /BIGDATA/xbyang_5/jsy/H_T/under6_VTiCu/vasp_tmp_X064MK
./str/POSCAR_S__3ucjhol.vasp, Ti2 V2 Cu2, True, True, -40.08998668 eV, /BIGDATA/xbyang_5/jsy/H_T/under6_VTiCu/vasp_tmp_PV5G60
./str/POSCAR_S_tkndwcfw.vasp, Ti1 V2 Cu1, True, True, -29.16736735 eV, /BIGDATA/xbyang_5/jsy/H_T/under6_VTiCu/vasp_tmp_518PBP
./str/POSCAR_S_z0bz0eis.vasp, Ti2 V1 Cu3, False, True, -34.80892118 eV, /BIGDATA/xbyang_5/jsy/H_T/under6_VTiCu/vasp_tmp_GRQDF3
./str/POSCAR_S_am46pdcu.vasp, Ti2 V3 Cu1, True, True, -45.36012285 eV, /BIGDATA/xbyang_5/jsy/H_T/under6_VTiCu/vasp_tmp_5BSM0B
./str/POSCAR_S_n8tay6pe.vasp, Ti2 V3 Cu1, True, True, -45.33234795 eV, /BIGDATA/xbyang_5/jsy/H_T/under6_VTiCu/vasp_tmp_5C2LQG
./str/POSCAR_S_t19eda0d.vasp, Ti2 V2 Cu2, True, True, -40.24870288 eV, /BIGDATA/xbyang_5/jsy/H_T/under6_VTiCu/vasp_tmp_4T1CRP
./str/POSCAR_S_phxaoldv.vasp, Ti2 V2 Cu2, True, True, -40.41759964 eV, /BIGDATA/xbyang_5/jsy/H_T/under6_VTiCu/vasp_tmp_LIMDXC
./str/POSCAR_S_g24jccay.vasp, Ti1 V3 Cu1, True, True, -37.57026246 eV, /BIGDATA/xbyang_5/jsy/H_T/under6_VTiCu/vasp_tmp_B7ZWG8
./str/POSCAR_S_65ts4d2m.vasp, Ti2 V1 Cu2, True, True, -31.12498472 eV, /BIGDATA/xbyang_5/jsy/H_T/under6_VTiCu/vasp_tmp_JM1JTQ
./str/POSCAR_S_9m9hj6cb.vasp, Ti1 V2 Cu2, True, True, -33.19955513 eV, /BIGDATA/xbyang_5/jsy/H_T/under6_VTiCu/vasp_tmp_3Y025X
./str/POSCAR_S_3dout1zl.vasp, Ti2 V2 Cu2, True, True, -40.40971771 eV, /BIGDATA/xbyang_5/jsy/H_T/under6_VTiCu/vasp_tmp_447TFD
./str/POSCAR_S_tqm3o7ak.vasp, Ti2 V2 Cu2, True, True, -40.22458118 eV, /BIGDATA/xbyang_5/jsy/H_T/under6_VTiCu/vasp_tmp_Z5Y3LZ
./str/POSCAR_S_2nf0tbey.vasp, Ti3 V2 Cu1, True, True, -44.06103587 eV, /BIGDATA/xbyang_5/jsy/H_T/under6_VTiCu/vasp_tmp_03QYBQ
./str/POSCAR_S_u38f7jwd.vasp, Ti1 V3 Cu2, True, True, -41.6396357 eV, /BIGDATA/xbyang_5/jsy/H_T/under6_VTiCu/vasp_tmp_SWH1DT
./str/POSCAR_S_ny5cdvy6.vasp, Ti2 V2 Cu2, True, True, -40.40632159 eV, /BIGDATA/xbyang_5/jsy/H_T/under6_VTiCu/vasp_tmp_AUGQMU
./str/POSCAR_S_3c3c6lzk.vasp, Ti4 V1 Cu1, False, True, -43.09980984 eV, /BIGDATA/xbyang_5/jsy/H_T/under6_VTiCu/vasp_tmp_RSGVEC
./str/POSCAR_S_3akbb6wy.vasp, Ti1 V3 Cu2, True, True, -41.4327438 eV, /BIGDATA/xbyang_5/jsy/H_T/under6_VTiCu/vasp_tmp_DT0O9N
./str/POSCAR_S_yf_djh71.vasp, Ti2 V2 Cu2, True, True, -40.6339044 eV, /BIGDATA/xbyang_5/jsy/H_T/under6_VTiCu/vasp_tmp_YLRHFS
./str/POSCAR_S_c_np57n3.vasp, Ti2 V2 Cu2, False, True, -40.36051001 eV, /BIGDATA/xbyang_5/jsy/H_T/under6_VTiCu/vasp_tmp_GXCKDS
./str/POSCAR_S_q5g8uc_h.vasp, Ti1 V1 Cu3, True, True, -27.3325395 eV, /BIGDATA/xbyang_5/jsy/H_T/under6_VTiCu/vasp_tmp_L6R8OF
./str/POSCAR_S_89akyoso.vasp, Ti1 V2 Cu3, True, True, -36.10720574 eV, /BIGDATA/xbyang_5/jsy/H_T/under6_VTiCu/vasp_tmp_2AX14U
./str/POSCAR_S_11vgnbdd.vasp, Ti1 V2 Cu2, True, True, -32.3802658 eV, /BIGDATA/xbyang_5/jsy/H_T/under6_VTiCu/vasp_tmp_G6WLH1
./str/POSCAR_S_y3tbsmqc.vasp, Ti2 V1 Cu3, True, True, -35.26322272 eV, /BIGDATA/xbyang_5/jsy/H_T/under6_VTiCu/vasp_tmp_FOVFMZ
./str/POSCAR_S_wh0lw667.vasp, Ti2 V3 Cu1, True, True, -45.8980683 eV, /BIGDATA/xbyang_5/jsy/H_T/under6_VTiCu/vasp_tmp_OXHADJ
./str/POSCAR_S_twtu3wkl.vasp, Ti1 V1 Cu4, True, True, -30.50876439 eV, /BIGDATA/xbyang_5/jsy/H_T/under6_VTiCu/vasp_tmp_A82MO9
./str/POSCAR_S_87yig5qj.vasp, Ti3 V2 Cu1, True, True, -44.41854079 eV, /BIGDATA/xbyang_5/jsy/H_T/under6_VTiCu/vasp_tmp_RRLWT3
./str/POSCAR_S_fpnocjh_.vasp, Ti2 V3 Cu1, True, True, -45.77770081 eV, /BIGDATA/xbyang_5/jsy/H_T/under6_VTiCu/vasp_tmp_BL7CGH
./str/POSCAR_S_6dibaj6n.vasp, Ti2 V2 Cu2, True, True, -40.20406094 eV, /BIGDATA/xbyang_5/jsy/H_T/under6_VTiCu/vasp_tmp_JLBKFI
./str/POSCAR_S_u5hvokhf.vasp, Ti2 V1 Cu3, True, True, -34.96716152 eV, /BIGDATA/xbyang_5/jsy/H_T/under6_VTiCu/vasp_tmp_UXEY0D
./str/POSCAR_S_22bsy3ny.vasp, Ti1 V1 Cu2, False, True, -23.79662866 eV, /BIGDATA/xbyang_5/jsy/H_T/under6_VTiCu/vasp_tmp_ZEG9SE
./str/POSCAR_S_qz3cxcoi.vasp, Ti2 V2 Cu2, True, True, -40.1238291 eV, /BIGDATA/xbyang_5/jsy/H_T/under6_VTiCu/vasp_tmp_NJGNJ6
./str/POSCAR_S__gqsa_wy.vasp, Ti1 V1 Cu4, True, True, -30.63666956 eV, /BIGDATA/xbyang_5/jsy/H_T/under6_VTiCu/vasp_tmp_YZT5W2
./str/POSCAR_S_f5yhfb7z.vasp, Ti2 V1 Cu3, True, True, -34.96321793 eV, /BIGDATA/xbyang_5/jsy/H_T/under6_VTiCu/vasp_tmp_ERHS3S
./str/POSCAR_S_2k38eaww.vasp, Ti2 V2 Cu2, True, True, -40.42966506 eV, /BIGDATA/xbyang_5/jsy/H_T/under6_VTiCu/vasp_tmp_76BTXN
./str/POSCAR_S_8kh_uz37.vasp, Ti2 V2 Cu2, True, True, -40.04162063 eV, /BIGDATA/xbyang_5/jsy/H_T/under6_VTiCu/vasp_tmp_QTH9Y3
./str/POSCAR_S_wgpu9out.vasp, Ti1 V4 Cu1, True, True, -46.83426293 eV, /BIGDATA/xbyang_5/jsy/H_T/under6_VTiCu/vasp_tmp_DFYCGP
./str/POSCAR_S_p_hx0mfe.vasp, Ti1 V1 Cu4, True, True, -30.54833429 eV, /BIGDATA/xbyang_5/jsy/H_T/under6_VTiCu/vasp_tmp_W7TXSO
./str/POSCAR_S_gxtn9p5c.vasp, Ti2 V1 Cu3, True, True, -35.13766532 eV, /BIGDATA/xbyang_5/jsy/H_T/under6_VTiCu/vasp_tmp_7TW6IA
./str/POSCAR_S_zq8sk6o6.vasp, Ti2 V2 Cu2, True, True, -39.89900344 eV, /BIGDATA/xbyang_5/jsy/H_T/under6_VTiCu/vasp_tmp_DD00VR
./str/POSCAR_S__q0tbjv7.vasp, Ti4 V1 Cu1, True, True, -43.42894604 eV, /BIGDATA/xbyang_5/jsy/H_T/under6_VTiCu/vasp_tmp_1LXV60
./str/POSCAR_S_6oabddpy.vasp, Ti2 V1 Cu2, True, True, -31.25390384 eV, /BIGDATA/xbyang_5/jsy/H_T/under6_VTiCu/vasp_tmp_HHS87L
./str/POSCAR_S_wnzgr4fc.vasp, Ti1 V2 Cu2, True, True, -32.11864387 eV, /BIGDATA/xbyang_5/jsy/H_T/under6_VTiCu/vasp_tmp_KSHTVK
./str/POSCAR_S_qjhx5rd_.vasp, Ti2 V3 Cu1, True, True, -45.4124432 eV, /BIGDATA/xbyang_5/jsy/H_T/under6_VTiCu/vasp_tmp_NXGUQJ
./str/POSCAR_S_uxmql5pv.vasp, Ti3 V1 Cu2, True, True, -39.23840457 eV, /BIGDATA/xbyang_5/jsy/H_T/under6_VTiCu/vasp_tmp_NYU3UB
./str/POSCAR_S_lwskmptn.vasp, Ti3 V2 Cu1, True, True, -44.83375615 eV, /BIGDATA/xbyang_5/jsy/H_T/under6_VTiCu/vasp_tmp_JR6VH9
./str/POSCAR_S_2br3zffs.vasp, Ti1 V3 Cu2, True, True, -41.23668869 eV, /BIGDATA/xbyang_5/jsy/H_T/under6_VTiCu/vasp_tmp_EAPA9J
./str/POSCAR_S__2vb1m0i.vasp, Ti3 V1 Cu2, False, True, -39.41438532 eV, /BIGDATA/xbyang_5/jsy/H_T/under6_VTiCu/vasp_tmp_149ABD
./str/POSCAR_S_xpk1kad2.vasp, Ti2 V2 Cu2, True, True, -40.44180967 eV, /BIGDATA/xbyang_5/jsy/H_T/under6_VTiCu/vasp_tmp_U3591O
./str/POSCAR_S_doo1wb6z.vasp, Ti2 V1 Cu3, True, True, -35.33139601 eV, /BIGDATA/xbyang_5/jsy/H_T/under6_VTiCu/vasp_tmp_5N1DKU
./str/POSCAR_S_ym8_w1uf.vasp, Ti1 V4 Cu1, True, True, -46.83916456 eV, /BIGDATA/xbyang_5/jsy/H_T/under6_VTiCu/vasp_tmp_FBS63V
./str/POSCAR_S_l25725pg.vasp, Ti1 V2 Cu3, True, True, -35.54713317 eV, /BIGDATA/xbyang_5/jsy/H_T/under6_VTiCu/vasp_tmp_FJ1U0K
./str/POSCAR_S_28ugg2x4.vasp, Ti2 V2 Cu2, True, True, -40.30431342 eV, /BIGDATA/xbyang_5/jsy/H_T/under6_VTiCu/vasp_tmp_D1M5RI
./str/POSCAR_S_ah6nwgpr.vasp, Ti2 V1 Cu3, True, True, -35.00539334 eV, /BIGDATA/xbyang_5/jsy/H_T/under6_VTiCu/vasp_tmp_YPYLLS
./str/POSCAR_S_dnvl9uu7.vasp, Ti2 V3 Cu1, True, True, -45.17629716 eV, /BIGDATA/xbyang_5/jsy/H_T/under6_VTiCu/vasp_tmp_TYKMTK
./str/POSCAR_S_94ubl7ph.vasp, Ti2 V1 Cu3, True, True, -35.79207941 eV, /BIGDATA/xbyang_5/jsy/H_T/under6_VTiCu/vasp_tmp_ZWWD53
./str/POSCAR_S_5mjlc14t.vasp, Ti1 V4 Cu1, True, True, -46.66914777 eV, /BIGDATA/xbyang_5/jsy/H_T/under6_VTiCu/vasp_tmp_N8OO50
./str/POSCAR_S_i7vx1pia.vasp, Ti2 V1 Cu2, True, True, -31.1852317 eV, /BIGDATA/xbyang_5/jsy/H_T/under6_VTiCu/vasp_tmp_EEOC57
./str/POSCAR_S_qzwt_68z.vasp, Ti2 V2 Cu2, True, True, -40.49621261 eV, /BIGDATA/xbyang_5/jsy/H_T/under6_VTiCu/vasp_tmp_WF6IK2
./str/POSCAR_S_j5amfqgh.vasp, Ti2 V3 Cu1, True, True, -45.28806278 eV, /BIGDATA/xbyang_5/jsy/H_T/under6_VTiCu/vasp_tmp_UOABY8
./str/POSCAR_S_e1khlmmi.vasp, Ti3 V2 Cu1, True, True, -44.56564512 eV, /BIGDATA/xbyang_5/jsy/H_T/under6_VTiCu/vasp_tmp_TO0OUF
./str/POSCAR_S_sf2yy4du.vasp, Ti2 V1 Cu1, True, True, -27.94875216 eV, /BIGDATA/xbyang_5/jsy/H_T/under6_VTiCu/vasp_tmp_2BNLN5
./str/POSCAR_S__pal5eun.vasp, Ti1 V1 Cu3, True, True, -27.14746226 eV, /BIGDATA/xbyang_5/jsy/H_T/under6_VTiCu/vasp_tmp_8L4K0I
./str/POSCAR_S_qkatiell.vasp, Ti1 V1 Cu3, True, True, -27.51077223 eV, /BIGDATA/xbyang_5/jsy/H_T/under6_VTiCu/vasp_tmp_ZX2YGT
./str/POSCAR_S_ysjt_8u1.vasp, Ti2 V1 Cu3, True, True, -35.1897465 eV, /BIGDATA/xbyang_5/jsy/H_T/under6_VTiCu/vasp_tmp_48CEQZ
./str/POSCAR_S_mxwexdyn.vasp, Ti1 V3 Cu2, True, True, -41.3445229 eV, /BIGDATA/xbyang_5/jsy/H_T/under6_VTiCu/vasp_tmp_9349AH
./str/POSCAR_S_n94cbbyh.vasp, Ti1 V2 Cu2, True, True, -32.34049503 eV, /BIGDATA/xbyang_5/jsy/H_T/under6_VTiCu/vasp_tmp_BAQY53
./str/POSCAR_S_x2f354ak.vasp, Ti1 V2 Cu3, True, True, -35.81177566 eV, /BIGDATA/xbyang_5/jsy/H_T/under6_VTiCu/vasp_tmp_FVKHC6
./str/POSCAR_S_2jdnbsll.vasp, Ti1 V3 Cu2, True, True, -40.81882543 eV, /BIGDATA/xbyang_5/jsy/H_T/under6_VTiCu/vasp_tmp_XCGZU3
./str/POSCAR_S_pclr73oj.vasp, Ti4 V1 Cu1, False, True, -43.26007254 eV, /BIGDATA/xbyang_5/jsy/H_T/under6_VTiCu/vasp_tmp_YTIYM1
./str/POSCAR_S_o6dnbm95.vasp, Ti3 V2 Cu1, True, True, -44.2378304 eV, /BIGDATA/xbyang_5/jsy/H_T/under6_VTiCu/vasp_tmp_Q7Z6W4
./str/POSCAR_S_eh4jv9k6.vasp, Ti3 V2 Cu1, True, True, -44.09550275 eV, /BIGDATA/xbyang_5/jsy/H_T/under6_VTiCu/vasp_tmp_WVD4WJ
./str/POSCAR_S_3a4yzu9x.vasp, Ti2 V2 Cu2, True, True, -40.42244172 eV, /BIGDATA/xbyang_5/jsy/H_T/under6_VTiCu/vasp_tmp_0CTFLZ
./str/POSCAR_S_go5q38v8.vasp, Ti1 V2 Cu1, True, True, -29.03923064 eV, /BIGDATA/xbyang_5/jsy/H_T/under6_VTiCu/vasp_tmp_A06F16
./str/POSCAR_S_9ljasxp6.vasp, Ti4 V1 Cu1, True, True, -43.15001702 eV, /BIGDATA/xbyang_5/jsy/H_T/under6_VTiCu/vasp_tmp_EKCO6W
./str/POSCAR_S_0ohofxmk.vasp, Ti1 V4 Cu1, True, True, -46.6627077 eV, /BIGDATA/xbyang_5/jsy/H_T/under6_VTiCu/vasp_tmp_TWTSWL
./str/POSCAR_S_ppiy8eyj.vasp, Ti1 V2 Cu3, False, True, -36.1578997 eV, /BIGDATA/xbyang_5/jsy/H_T/under6_VTiCu/vasp_tmp_MH77Q3
./str/POSCAR_S_dyde99oi.vasp, Ti3 V2 Cu1, True, True, -44.55910755 eV, /BIGDATA/xbyang_5/jsy/H_T/under6_VTiCu/vasp_tmp_LJPTE2
./str/POSCAR_S_ip4xdmop.vasp, Ti1 V2 Cu3, True, True, -36.26610269 eV, /BIGDATA/xbyang_5/jsy/H_T/under6_VTiCu/vasp_tmp_X5LJN2
./str/POSCAR_S_g6h7qdkd.vasp, Ti1 V1 Cu2, True, True, -23.04472242 eV, /BIGDATA/xbyang_5/jsy/H_T/under6_VTiCu/vasp_tmp_K771NH
./str/POSCAR_S_4e7db449.vasp, Ti3 V1 Cu2, True, True, -39.03945832 eV, /BIGDATA/xbyang_5/jsy/H_T/under6_VTiCu/vasp_tmp_YA6LWW
./str/POSCAR_S_lpqj5ka6.vasp, Ti2 V1 Cu3, True, True, -34.87587218 eV, /BIGDATA/xbyang_5/jsy/H_T/under6_VTiCu/vasp_tmp_CV01AK
./str/POSCAR_S_5r6rz6zo.vasp, Ti2 V2 Cu2, True, True, -40.35816624 eV, /BIGDATA/xbyang_5/jsy/H_T/under6_VTiCu/vasp_tmp_CBSUSP
./str/POSCAR_S_j54c28q4.vasp, Ti2 V2 Cu2, True, True, -41.30884793 eV, /BIGDATA/xbyang_5/jsy/H_T/under6_VTiCu/vasp_tmp_452SQ5
./str/POSCAR_S_wuevwd6_.vasp, Ti4 V1 Cu1, False, True, -43.16414981 eV, /BIGDATA/xbyang_5/jsy/H_T/under6_VTiCu/vasp_tmp_VCWZGB
./str/POSCAR_S_hk8fo7i7.vasp, Ti2 V1 Cu3, False, True, -35.07763904 eV, /BIGDATA/xbyang_5/jsy/H_T/under6_VTiCu/vasp_tmp_NE6OTJ
./str/POSCAR_S_szrzfm1s.vasp, Ti3 V1 Cu2, True, True, -39.4918677 eV, /BIGDATA/xbyang_5/jsy/H_T/under6_VTiCu/vasp_tmp_92EATC
./str/POSCAR_S_2bkurgh8.vasp, Ti1 V2 Cu3, True, True, -35.3834342 eV, /BIGDATA/xbyang_5/jsy/H_T/under6_VTiCu/vasp_tmp_LYM6KI
./str/POSCAR_S_9qbie713.vasp, Ti1 V4 Cu1, True, True, -46.82311123 eV, /BIGDATA/xbyang_5/jsy/H_T/under6_VTiCu/vasp_tmp_RF0A0T
./str/POSCAR_S_s22fhm3_.vasp, Ti3 V1 Cu1, True, True, -35.30357894 eV, /BIGDATA/xbyang_5/jsy/H_T/under6_VTiCu/vasp_tmp_YCYT1Q
./str/POSCAR_S_qjwf6pek.vasp, Ti2 V3 Cu1, True, True, -45.65333238 eV, /BIGDATA/xbyang_5/jsy/H_T/under6_VTiCu/vasp_tmp_LJD15I
./str/POSCAR_S_zhym1tnp.vasp, Ti2 V3 Cu1, True, True, -45.5487073 eV, /BIGDATA/xbyang_5/jsy/H_T/under6_VTiCu/vasp_tmp_2DLMVU
./str/POSCAR_S_3p10nnar.vasp, Ti2 V2 Cu2, True, True, -40.23156859 eV, /BIGDATA/xbyang_5/jsy/H_T/under6_VTiCu/vasp_tmp_0BKT5T
./str/POSCAR_S_w0vdsy5c.vasp, Ti2 V2 Cu2, True, True, -39.58541178 eV, /BIGDATA/xbyang_5/jsy/H_T/under6_VTiCu/vasp_tmp_7QS2S4
./str/POSCAR_S_cpciarql.vasp, Ti1 V4 Cu1, True, True, -46.9688596 eV, /BIGDATA/xbyang_5/jsy/H_T/under6_VTiCu/vasp_tmp_FHSYQN
./str/POSCAR_S_b6hlvg1m.vasp, Ti1 V1 Cu4, True, True, -30.60086418 eV, /BIGDATA/xbyang_5/jsy/H_T/under6_VTiCu/vasp_tmp_31YNEZ
./str/POSCAR_S_42g3dcje.vasp, Ti4 V1 Cu1, True, True, -43.57712009 eV, /BIGDATA/xbyang_5/jsy/H_T/under6_VTiCu/vasp_tmp_4L5GTU
./str/POSCAR_S_4eb7hgrl.vasp, Ti1 V3 Cu1, True, True, -37.82791168 eV, /BIGDATA/xbyang_5/jsy/H_T/under6_VTiCu/vasp_tmp_UNNRFZ
./str/POSCAR_S_nmtm0und.vasp, Ti1 V4 Cu1, True, True, -46.79585703 eV, /BIGDATA/xbyang_5/jsy/H_T/under6_VTiCu/vasp_tmp_MEI2C6
./str/POSCAR_S_cs3n6r12.vasp, Ti3 V1 Cu2, False, True, -39.40307711 eV, /BIGDATA/xbyang_5/jsy/H_T/under6_VTiCu/vasp_tmp_X10115
./str/POSCAR_S_i8b72_lm.vasp, Ti1 V2 Cu1, True, True, -28.64980978 eV, /BIGDATA/xbyang_5/jsy/H_T/under6_VTiCu/vasp_tmp_3O57AW
./str/POSCAR_S_k0nsin3t.vasp, Ti1 V3 Cu2, True, True, -41.16486712 eV, /BIGDATA/xbyang_5/jsy/H_T/under6_VTiCu/vasp_tmp_7HDTS4
./str/POSCAR_S_i5or655d.vasp, Ti3 V1 Cu2, True, True, -39.24454515 eV, /BIGDATA/xbyang_5/jsy/H_T/under6_VTiCu/vasp_tmp_2LNPDB
./str/POSCAR_S_uojzirti.vasp, Ti1 V2 Cu3, False, True, -36.15276214 eV, /BIGDATA/xbyang_5/jsy/H_T/under6_VTiCu/vasp_tmp_XMMF04
./str/POSCAR_S_ukpnqc70.vasp, Ti4 V1 Cu1, True, True, -43.35971785 eV, /BIGDATA/xbyang_5/jsy/H_T/under6_VTiCu/vasp_tmp_65EI97
./str/POSCAR_S_01ejbxqq.vasp, Ti3 V2 Cu1, True, True, -44.22632585 eV, /BIGDATA/xbyang_5/jsy/H_T/under6_VTiCu/vasp_tmp_6J6V8W
./str/POSCAR_S_ffefv_ay.vasp, Ti4 V1 Cu1, True, True, -43.4679093 eV, /BIGDATA/xbyang_5/jsy/H_T/under6_VTiCu/vasp_tmp_G9IC6K
./str/POSCAR_S_ekwqwy6h.vasp, Ti2 V2 Cu2, True, True, -39.59596698 eV, /BIGDATA/xbyang_5/jsy/H_T/under6_VTiCu/vasp_tmp_YGXQ1D
./str/POSCAR_S_sosvbuen.vasp, Ti2 V2 Cu1, True, True, -36.98914985 eV, /BIGDATA/xbyang_5/jsy/H_T/under6_VTiCu/vasp_tmp_58ICAN
./str/POSCAR_S_h0vm_6xt.vasp, Ti1 V1 Cu4, True, True, -30.79489044 eV, /BIGDATA/xbyang_5/jsy/H_T/under6_VTiCu/vasp_tmp_HPXE7F
./str/POSCAR_S_iji04w7t.vasp, Ti3 V2 Cu1, True, True, -44.25100457 eV, /BIGDATA/xbyang_5/jsy/H_T/under6_VTiCu/vasp_tmp_6PRAID
./str/POSCAR_S_au_j9nbi.vasp, Ti1 V4 Cu1, True, True, -46.81375778 eV, /BIGDATA/xbyang_5/jsy/H_T/under6_VTiCu/vasp_tmp_UX8II7
./str/POSCAR_S_ajcp0uia.vasp, Ti3 V1 Cu2, True, True, -39.14512233 eV, /BIGDATA/xbyang_5/jsy/H_T/under6_VTiCu/vasp_tmp_DR5Y2C
./str/POSCAR_S_1vs1aniu.vasp, Ti3 V2 Cu1, True, True, -44.07089073 eV, /BIGDATA/xbyang_5/jsy/H_T/under6_VTiCu/vasp_tmp_8NYL2D
./str/POSCAR_S__weg_z36.vasp, Ti2 V2 Cu1, True, True, -36.53119325 eV, /BIGDATA/xbyang_5/jsy/H_T/under6_VTiCu/vasp_tmp_4FRP6X
./str/POSCAR_S_csc6oouh.vasp, Ti1 V1 Cu3, True, True, -27.11806183 eV, /BIGDATA/xbyang_5/jsy/H_T/under6_VTiCu/vasp_tmp_CI235R
./str/POSCAR_S__mps7p7q.vasp, Ti2 V3 Cu1, True, True, -45.16003283 eV, /BIGDATA/xbyang_5/jsy/H_T/under6_VTiCu/vasp_tmp_FQ2K9A
./str/POSCAR_S_rk05mo3r.vasp, Ti3 V2 Cu1, True, True, -45.06216228 eV, /BIGDATA/xbyang_5/jsy/H_T/under6_VTiCu/vasp_tmp_3KQGKA
./str/POSCAR_S_kt7sglvs.vasp, Ti3 V1 Cu2, True, True, -39.33992014 eV, /BIGDATA/xbyang_5/jsy/H_T/under6_VTiCu/vasp_tmp_JAVRKC
./str/POSCAR_S_337pgh83.vasp, Ti3 V2 Cu1, True, True, -44.25771874 eV, /BIGDATA/xbyang_5/jsy/H_T/under6_VTiCu/vasp_tmp_0D9CUD
./str/POSCAR_S_2v4fbr79.vasp, Ti1 V2 Cu3, True, True, -36.10545409 eV, /BIGDATA/xbyang_5/jsy/H_T/under6_VTiCu/vasp_tmp_9LY7CJ
./str/POSCAR_S_2ke6ugtu.vasp, Ti3 V1 Cu2, True, True, -38.91335418 eV, /BIGDATA/xbyang_5/jsy/H_T/under6_VTiCu/vasp_tmp_8GY22B
./str/POSCAR_S__w6xsjkn.vasp, Ti2 V2 Cu2, False, True, -40.42227955 eV, /BIGDATA/xbyang_5/jsy/H_T/under6_VTiCu/vasp_tmp_357ZSJ
./str/POSCAR_S_egwsvcs7.vasp, Ti1 V3 Cu2, True, True, -41.54317516 eV, /BIGDATA/xbyang_5/jsy/H_T/under6_VTiCu/vasp_tmp_9T12W8
./str/POSCAR_S_ftlwizv3.vasp, Ti2 V1 Cu3, True, True, -35.21246692 eV, /BIGDATA/xbyang_5/jsy/H_T/under6_VTiCu/vasp_tmp_GE1MHX
./str/POSCAR_S_6jhpd2sw.vasp, Ti2 V3 Cu1, True, True, -44.93685406 eV, /BIGDATA/xbyang_5/jsy/H_T/under6_VTiCu/vasp_tmp_QQJZBX
./str/POSCAR_S_ciwstfn1.vasp, Ti1 V2 Cu2, True, True, -32.40766869 eV, /BIGDATA/xbyang_5/jsy/H_T/under6_VTiCu/vasp_tmp_0XI64S
./str/POSCAR_S__9rb4j9h.vasp, Ti1 V2 Cu2, True, True, -31.9799769 eV, /BIGDATA/xbyang_5/jsy/H_T/under6_VTiCu/vasp_tmp_3FMTAJ
./str/POSCAR_S_uxt9r4n6.vasp, Ti1 V4 Cu1, True, True, -47.13839054 eV, /BIGDATA/xbyang_5/jsy/H_T/under6_VTiCu/vasp_tmp_QUSWVO
./str/POSCAR_S_1vqpx2ig.vasp, Ti2 V1 Cu3, False, True, -34.83360862 eV, /BIGDATA/xbyang_5/jsy/H_T/under6_VTiCu/vasp_tmp_EF88RB
./str/POSCAR_S_lr9kq_1y.vasp, Ti3 V1 Cu1, True, True, -35.43145451 eV, /BIGDATA/xbyang_5/jsy/H_T/under6_VTiCu/vasp_tmp_JAWZVF
./str/POSCAR_S_b912td_8.vasp, Ti1 V3 Cu2, True, True, -41.11139772 eV, /BIGDATA/xbyang_5/jsy/H_T/under6_VTiCu/vasp_tmp_HUC3BO
./str/POSCAR_S_7jyayjop.vasp, Ti1 V2 Cu3, False, True, -36.12916028 eV, /BIGDATA/xbyang_5/jsy/H_T/under6_VTiCu/vasp_tmp_C7T9GY
./str/POSCAR_S_ajpvyjuw.vasp, Ti4 V1 Cu1, True, True, -43.22065181 eV, /BIGDATA/xbyang_5/jsy/H_T/under6_VTiCu/vasp_tmp_E9NN74
./str/POSCAR_S_myjb4fba.vasp, Ti1 V2 Cu3, False, True, -35.78271946 eV, /BIGDATA/xbyang_5/jsy/H_T/under6_VTiCu/vasp_tmp_IZQ7MU
./str/POSCAR_S_mr9cklw2.vasp, Ti2 V2 Cu2, True, True, -39.4592579 eV, /BIGDATA/xbyang_5/jsy/H_T/under6_VTiCu/vasp_tmp_BN3M5A
./str/POSCAR_S_zvz36fav.vasp, Ti1 V2 Cu2, True, True, -32.13998934 eV, /BIGDATA/xbyang_5/jsy/H_T/under6_VTiCu/vasp_tmp_GEOGI4
./str/POSCAR_S_dcvgqej9.vasp, Ti1 V1 Cu4, True, True, -30.94276743 eV, /BIGDATA/xbyang_5/jsy/H_T/under6_VTiCu/vasp_tmp_RSBHZC
./str/POSCAR_S_6tt2_ajz.vasp, Ti1 V2 Cu3, False, True, -35.60264922 eV, /BIGDATA/xbyang_5/jsy/H_T/under6_VTiCu/vasp_tmp_JEQQ3M
./str/POSCAR_S_0_fj0g__.vasp, Ti2 V3 Cu1, True, True, -45.66131851 eV, /BIGDATA/xbyang_5/jsy/H_T/under6_VTiCu/vasp_tmp_4QEUAP
./str/POSCAR_S_fwc1h9d_.vasp, Ti1 V2 Cu3, True, True, -36.15363569 eV, /BIGDATA/xbyang_5/jsy/H_T/under6_VTiCu/vasp_tmp_50ODZK
./str/POSCAR_S__h0c8dss.vasp, Ti2 V2 Cu1, True, True, -36.74167455 eV, /BIGDATA/xbyang_5/jsy/H_T/under6_VTiCu/vasp_tmp_J9AK4X
./str/POSCAR_S_70wzhknh.vasp, Ti3 V2 Cu1, True, True, -44.46006827 eV, /BIGDATA/xbyang_5/jsy/H_T/under6_VTiCu/vasp_tmp_C7443Q
./str/POSCAR_S_qzqct88z.vasp, Ti2 V2 Cu2, True, True, -40.53101049 eV, /BIGDATA/xbyang_5/jsy/H_T/under6_VTiCu/vasp_tmp_14C9KW
./str/POSCAR_S_lyt62me8.vasp, Ti3 V2 Cu1, True, True, -44.67696932 eV, /BIGDATA/xbyang_5/jsy/H_T/under6_VTiCu/vasp_tmp_U2ZSR7
./str/POSCAR_S__hfazq_q.vasp, Ti3 V1 Cu2, True, True, -38.74404076 eV, /BIGDATA/xbyang_5/jsy/H_T/under6_VTiCu/vasp_tmp_PJW0DG
./str/POSCAR_S_t1x9hst9.vasp, Ti1 V3 Cu2, True, True, -41.32362183 eV, /BIGDATA/xbyang_5/jsy/H_T/under6_VTiCu/vasp_tmp_YVMAL9
./str/POSCAR_S_qzwalab0.vasp, Ti1 V2 Cu2, True, True, -31.95042307 eV, /BIGDATA/xbyang_5/jsy/H_T/under6_VTiCu/vasp_tmp_MK7X06
./str/POSCAR_S_o40xgc1x.vasp, Ti2 V3 Cu1, True, True, -45.65610569 eV, /BIGDATA/xbyang_5/jsy/H_T/under6_VTiCu/vasp_tmp_K65XVK
./str/POSCAR_S_k0aibv1j.vasp, Ti1 V3 Cu2, True, True, -41.69873732 eV, /BIGDATA/xbyang_5/jsy/H_T/under6_VTiCu/vasp_tmp_2OD2T5
./str/POSCAR_S_qbynuo96.vasp, Ti4 V1 Cu1, True, True, -43.58808249 eV, /BIGDATA/xbyang_5/jsy/H_T/under6_VTiCu/vasp_tmp_WHG085
./str/POSCAR_S_7s95rwuy.vasp, Ti1 V3 Cu2, True, True, -41.70174933 eV, /BIGDATA/xbyang_5/jsy/H_T/under6_VTiCu/vasp_tmp_E4LM3U
./str/POSCAR_S_w2i64if7.vasp, Ti3 V1 Cu2, True, True, -39.4911166 eV, /BIGDATA/xbyang_5/jsy/H_T/under6_VTiCu/vasp_tmp_GXXCNM
./str/POSCAR_S_akzppyku.vasp, Ti3 V1 Cu2, False, True, -38.97970996 eV, /BIGDATA/xbyang_5/jsy/H_T/under6_VTiCu/vasp_tmp_1J8GQJ
./str/POSCAR_S_59b4_qvr.vasp, Ti1 V3 Cu2, True, True, -41.69728454 eV, /BIGDATA/xbyang_5/jsy/H_T/under6_VTiCu/vasp_tmp_E7DXEA
./str/POSCAR_S_m1dfao7e.vasp, Ti2 V1 Cu3, True, True, -35.49351889 eV, /BIGDATA/xbyang_5/jsy/H_T/under6_VTiCu/vasp_tmp_NMNI0C
./str/POSCAR_S_i1zqdtem.vasp, Ti3 V1 Cu2, True, True, -39.33747507 eV, /BIGDATA/xbyang_5/jsy/H_T/under6_VTiCu/vasp_tmp_OXH7G2
./str/POSCAR_S_c5atuus0.vasp, Ti2 V1 Cu3, True, True, -35.21263341 eV, /BIGDATA/xbyang_5/jsy/H_T/under6_VTiCu/vasp_tmp_HEME2L
